2024-06-09T15:06:09.403Z 0: 

----------------------------------------------
2024-06-09T15:06:09.422Z 1: Discord starting: {"releaseChannel":"stable","version":"0.0.54"}, modulepath: /home/guru/.config/discord/0.0.54/modules
2024-06-09T15:06:09.429Z 2: ✅ webContents.created web1 ""
2024-06-09T15:06:09.439Z 3: ✅ window.created win1 "discord"
2024-06-09T15:06:09.638Z 4: ✅ webContents.did-finish-load web1
2024-06-09T15:06:20.312Z 5: ✅ webContents.created web2 ""
2024-06-09T15:06:20.319Z 6: ✅ window.created win2 "Discord"
2024-06-09T15:06:21.529Z 7: ✅ webContents.did-finish-load web2
2024-06-09T15:06:21.630Z 8: window.close win1
2024-06-09T15:06:21.639Z 9: webContents.destroyed web1
2024-06-09T15:06:21.651Z 10: window.closed win1
2024-06-09T15:07:15.846Z 11: before-quit
2024-06-09T15:07:15.861Z 12: window.close win2
2024-06-09T15:07:15.920Z 13: webContents.destroyed web2
2024-06-09T15:07:22.655Z 0: 

----------------------------------------------
2024-06-09T15:07:22.671Z 1: Discord starting: {"releaseChannel":"stable","version":"0.0.54"}, modulepath: /home/guru/.config/discord/0.0.54/modules
2024-06-09T15:07:22.687Z 2: ✅ webContents.created web1 ""
2024-06-09T15:07:22.695Z 3: ✅ window.created win1 "discord"
2024-06-09T15:07:22.848Z 4: ✅ webContents.created web2 ""
2024-06-09T15:07:22.856Z 5: ✅ window.created win2 "Discord"
2024-06-09T15:07:22.865Z 6: ✅ webContents.did-finish-load web1
2024-06-09T15:07:24.708Z 7: ✅ webContents.did-finish-load web2
2024-06-09T15:07:24.809Z 8: window.close win1
2024-06-09T15:07:24.821Z 9: webContents.destroyed web1
2024-06-09T15:07:24.827Z 10: window.closed win1
2024-06-09T15:07:26.512Z 11: ✅ webContents.did-finish-load web2
2024-06-09T15:19:32.824Z 12: before-quit
2024-06-09T15:19:32.843Z 13: window.close win2
2024-06-09T15:19:32.853Z 14: ❌ child-process-gone {
  type: 'Utility',
  reason: 'killed',
  exitCode: 15,
  serviceName: 'audio.mojom.AudioService',
  name: 'Audio Service'
}
