INFO: 2024-01-23 22:40:08,010: main() 'Using profile folder /home/guru/.config/variety/'
INFO: 2024-01-23 22:40:08,011: perform_upgrade() 'Last run version was 0.8.11 or earlier, current version is 0.8.10'
INFO: 2024-01-23 22:40:08,047: process_command() 'Received command: []'
INFO: 2024-01-23 22:40:08,049: start() 'Using data_path /nix/store/jk376gpc7bsxclznwgd3qgnkcbqmg3sk-variety-0.8.10/share/variety'
INFO: 2024-01-23 22:40:08,050: load() 'Jumble loading'
INFO: 2024-01-23 22:40:08,050: _walk_modules() 'Jumble loading module in __init__ from /nix/store/jk376gpc7bsxclznwgd3qgnkcbqmg3sk-variety-0.8.10/lib/python3.11/site-packages/variety/plugins/builtin/__init__.py'
INFO: 2024-01-23 22:40:08,050: _walk_modules() 'Jumble loading module in GnomeDisplayModesPlugin from /nix/store/jk376gpc7bsxclznwgd3qgnkcbqmg3sk-variety-0.8.10/lib/python3.11/site-packages/variety/plugins/builtin/display_modes/GnomeDisplayModesPlugin.py'
INFO: 2024-01-23 22:40:08,050: load() 'Jumble found plugin class: <class 'GnomeDisplayModesPlugin.GnomeDisplayModesPlugin'>: {'name': 'GnomeDisplayModesPlugin', 'description': 'Display modes relying on the underlying desktop environment', 'version': '1.0', 'author': 'Peter Levi'}'
INFO: 2024-01-23 22:40:08,051: _walk_modules() 'Jumble loading module in LegacyDisplayModesPlugin from /nix/store/jk376gpc7bsxclznwgd3qgnkcbqmg3sk-variety-0.8.10/lib/python3.11/site-packages/variety/plugins/builtin/display_modes/LegacyDisplayModesPlugin.py'
INFO: 2024-01-23 22:40:08,051: load() 'Jumble found plugin class: <class 'LegacyDisplayModesPlugin.LegacyDisplayModesPlugin'>: {'name': 'LegacyDisplayModesPlugin', 'description': 'Legacy display mode for compatibility with past Variety versions', 'version': '1.0', 'author': 'Peter Levi'}'
INFO: 2024-01-23 22:40:08,051: _walk_modules() 'Jumble loading module in ResizingDisplayModesPlugin from /nix/store/jk376gpc7bsxclznwgd3qgnkcbqmg3sk-variety-0.8.10/lib/python3.11/site-packages/variety/plugins/builtin/display_modes/ResizingDisplayModesPlugin.py'
INFO: 2024-01-23 22:40:08,051: load() 'Jumble found plugin class: <class 'ResizingDisplayModesPlugin.ResizingDisplayModesPlugin'>: {'name': 'ResizingDisplayModesPlugin', 'description': 'Display modes that use image resizing within Variety', 'version': '1.0', 'author': 'Peter Levi'}'
INFO: 2024-01-23 22:40:08,052: _walk_modules() 'Jumble loading module in __init__ from /nix/store/jk376gpc7bsxclznwgd3qgnkcbqmg3sk-variety-0.8.10/lib/python3.11/site-packages/variety/plugins/builtin/display_modes/__init__.py'
INFO: 2024-01-23 22:40:08,052: _walk_modules() 'Jumble loading module in APODDownloader from /nix/store/jk376gpc7bsxclznwgd3qgnkcbqmg3sk-variety-0.8.10/lib/python3.11/site-packages/variety/plugins/builtin/downloaders/APODDownloader.py'
INFO: 2024-01-23 22:40:08,052: load() 'Jumble found plugin class: <class 'APODDownloader.APODDownloader'>: {'name': 'APODDownloader', 'description': 'NASA Astro Pic of the Day', 'author': 'Peter Levi', 'version': '0.1'}'
INFO: 2024-01-23 22:40:08,053: _walk_modules() 'Jumble loading module in ArtStationDownloader from /nix/store/jk376gpc7bsxclznwgd3qgnkcbqmg3sk-variety-0.8.10/lib/python3.11/site-packages/variety/plugins/builtin/downloaders/ArtStationDownloader.py'
INFO: 2024-01-23 22:40:08,053: _walk_modules() 'Jumble loading module in ArtStationSource from /nix/store/jk376gpc7bsxclznwgd3qgnkcbqmg3sk-variety-0.8.10/lib/python3.11/site-packages/variety/plugins/builtin/downloaders/ArtStationSource.py'
INFO: 2024-01-23 22:40:08,054: load() 'Jumble found plugin class: <class 'ArtStationSource.ArtStationSource'>: {'name': 'ArtStationSource', 'description': 'Configurable source for fetching images from ArtStation', 'author': 'Denis Gordeev', 'version': '0.1'}'
INFO: 2024-01-23 22:40:08,055: _walk_modules() 'Jumble loading module in BingDownloader from /nix/store/jk376gpc7bsxclznwgd3qgnkcbqmg3sk-variety-0.8.10/lib/python3.11/site-packages/variety/plugins/builtin/downloaders/BingDownloader.py'
INFO: 2024-01-23 22:40:08,055: load() 'Jumble found plugin class: <class 'BingDownloader.BingDownloader'>: {'name': 'BingDownloader', 'description': 'Bing Photo of the Day', 'author': 'Peter Levi', 'version': '0.1'}'
INFO: 2024-01-23 22:40:08,055: _walk_modules() 'Jumble loading module in EarthviewDownloader from /nix/store/jk376gpc7bsxclznwgd3qgnkcbqmg3sk-variety-0.8.10/lib/python3.11/site-packages/variety/plugins/builtin/downloaders/EarthviewDownloader.py'
INFO: 2024-01-23 22:40:08,056: load() 'Jumble found plugin class: <class 'EarthviewDownloader.EarthviewDownloader'>: {'name': 'EarthviewDownloader', 'description': 'Google Earth View Wallpapers', 'author': 'Peter Levi', 'version': '0.1'}'
INFO: 2024-01-23 22:40:08,056: _walk_modules() 'Jumble loading module in MediaRSSDownloader from /nix/store/jk376gpc7bsxclznwgd3qgnkcbqmg3sk-variety-0.8.10/lib/python3.11/site-packages/variety/plugins/builtin/downloaders/MediaRSSDownloader.py'
INFO: 2024-01-23 22:40:08,057: _walk_modules() 'Jumble loading module in MediaRSSSource from /nix/store/jk376gpc7bsxclznwgd3qgnkcbqmg3sk-variety-0.8.10/lib/python3.11/site-packages/variety/plugins/builtin/downloaders/MediaRSSSource.py'
INFO: 2024-01-23 22:40:08,057: load() 'Jumble found plugin class: <class 'MediaRSSSource.MediaRSSSource'>: {'name': 'MediaRSSSource', 'description': 'Configurable source for fetching images from MediaRSS feeds', 'author': 'Peter Levi', 'version': '0.1'}'
INFO: 2024-01-23 22:40:08,057: _walk_modules() 'Jumble loading module in NationalGeographicDownloader from /nix/store/jk376gpc7bsxclznwgd3qgnkcbqmg3sk-variety-0.8.10/lib/python3.11/site-packages/variety/plugins/builtin/downloaders/NationalGeographicDownloader.py'
INFO: 2024-01-23 22:40:08,058: load() 'Jumble found plugin class: <class 'NationalGeographicDownloader.NationalGeographicDownloader'>: {'name': 'NationalGeographicDownloader', 'description': "National Geographic's photo of the day", 'author': 'Eric Rösch', 'version': '0.1'}'
INFO: 2024-01-23 22:40:08,058: _walk_modules() 'Jumble loading module in RedditDownloader from /nix/store/jk376gpc7bsxclznwgd3qgnkcbqmg3sk-variety-0.8.10/lib/python3.11/site-packages/variety/plugins/builtin/downloaders/RedditDownloader.py'
INFO: 2024-01-23 22:40:08,059: _walk_modules() 'Jumble loading module in RedditSource from /nix/store/jk376gpc7bsxclznwgd3qgnkcbqmg3sk-variety-0.8.10/lib/python3.11/site-packages/variety/plugins/builtin/downloaders/RedditSource.py'
INFO: 2024-01-23 22:40:08,059: load() 'Jumble found plugin class: <class 'RedditSource.RedditSource'>: {'name': 'RedditSource', 'description': 'Configurable source for fetching images from Reddit', 'author': 'Peter Levi', 'version': '0.1'}'
INFO: 2024-01-23 22:40:08,059: _walk_modules() 'Jumble loading module in UnsplashConfigurableSource from /nix/store/jk376gpc7bsxclznwgd3qgnkcbqmg3sk-variety-0.8.10/lib/python3.11/site-packages/variety/plugins/builtin/downloaders/UnsplashConfigurableSource.py'
INFO: 2024-01-23 22:40:08,060: load() 'Jumble found plugin class: <class 'UnsplashConfigurableSource.UnsplashConfigurableSource'>: {'name': 'UnsplashConfigurableSource', 'description': 'Configurable source for fetching photos from Unsplash.com', 'author': 'Peter Levi', 'version': '0.1'}'
INFO: 2024-01-23 22:40:08,060: _walk_modules() 'Jumble loading module in UnsplashDownloader from /nix/store/jk376gpc7bsxclznwgd3qgnkcbqmg3sk-variety-0.8.10/lib/python3.11/site-packages/variety/plugins/builtin/downloaders/UnsplashDownloader.py'
INFO: 2024-01-23 22:40:08,061: load() 'Jumble found plugin class: <class 'UnsplashDownloader.UnsplashDownloader'>: {'name': 'UnsplashDownloader', 'description': 'High-resolution photos from Unsplash.com', 'author': 'Peter Levi', 'version': '0.1'}'
INFO: 2024-01-23 22:40:08,061: _walk_modules() 'Jumble loading module in WallhavenDownloader from /nix/store/jk376gpc7bsxclznwgd3qgnkcbqmg3sk-variety-0.8.10/lib/python3.11/site-packages/variety/plugins/builtin/downloaders/WallhavenDownloader.py'
INFO: 2024-01-23 22:40:08,062: _walk_modules() 'Jumble loading module in WallhavenLegacyDownloader from /nix/store/jk376gpc7bsxclznwgd3qgnkcbqmg3sk-variety-0.8.10/lib/python3.11/site-packages/variety/plugins/builtin/downloaders/WallhavenLegacyDownloader.py'
INFO: 2024-01-23 22:40:08,062: _walk_modules() 'Jumble loading module in WallhavenSource from /nix/store/jk376gpc7bsxclznwgd3qgnkcbqmg3sk-variety-0.8.10/lib/python3.11/site-packages/variety/plugins/builtin/downloaders/WallhavenSource.py'
INFO: 2024-01-23 22:40:08,063: load() 'Jumble found plugin class: <class 'WallhavenSource.WallhavenSource'>: {'name': 'WallhavenSource', 'description': 'Configurable source for fetching images from Wallhaven.cc', 'author': 'Peter Levi', 'version': '0.1'}'
INFO: 2024-01-23 22:40:08,063: _walk_modules() 'Jumble loading module in __init__ from /nix/store/jk376gpc7bsxclznwgd3qgnkcbqmg3sk-variety-0.8.10/lib/python3.11/site-packages/variety/plugins/builtin/downloaders/__init__.py'
INFO: 2024-01-23 22:40:08,063: _walk_modules() 'Jumble loading module in FortuneSource from /nix/store/jk376gpc7bsxclznwgd3qgnkcbqmg3sk-variety-0.8.10/lib/python3.11/site-packages/variety/plugins/builtin/quotes/FortuneSource.py'
INFO: 2024-01-23 22:40:08,064: load() 'Jumble found plugin class: <class 'FortuneSource.FortuneSource'>: {'name': 'UNIX fortune program', 'description': 'Displays quotes using the UNIX fortune program. You may want to install additional fortune packs, e.g. fortunes-bofh-excuses.', 'author': 'Dan Jones', 'version': '0.1'}'
INFO: 2024-01-23 22:40:08,064: _walk_modules() 'Jumble loading module in GoodreadsSource from /nix/store/jk376gpc7bsxclznwgd3qgnkcbqmg3sk-variety-0.8.10/lib/python3.11/site-packages/variety/plugins/builtin/quotes/GoodreadsSource.py'
INFO: 2024-01-23 22:40:08,085: load() 'Jumble found plugin class: <class 'GoodreadsSource.GoodreadsSource'>: {'name': 'Goodreads', 'description': 'Fetches quotes from Goodreads.com', 'author': 'Peter Levi', 'version': '0.1'}'
INFO: 2024-01-23 22:40:08,085: _walk_modules() 'Jumble loading module in LocalFilesSource from /nix/store/jk376gpc7bsxclznwgd3qgnkcbqmg3sk-variety-0.8.10/lib/python3.11/site-packages/variety/plugins/builtin/quotes/LocalFilesSource.py'
INFO: 2024-01-23 22:40:08,086: load() 'Jumble found plugin class: <class 'LocalFilesSource.LocalFilesSource'>: {'name': 'Local text files', 'description': 'Displays quotes, defined in local text files.\nPut your own txt files in: ~/.config/variety/pluginconfig/quotes/.\nThe file format is:\n\nquote -- author\n.\nsecond quote -- another author\n.\netc...\n\nExample: http://rvelthuis.de/zips/quotes.txt', 'author': 'Peter Levi', 'version': '0.1'}'
INFO: 2024-01-23 22:40:08,086: _walk_modules() 'Jumble loading module in QuotationsPageSource from /nix/store/jk376gpc7bsxclznwgd3qgnkcbqmg3sk-variety-0.8.10/lib/python3.11/site-packages/variety/plugins/builtin/quotes/QuotationsPageSource.py'
INFO: 2024-01-23 22:40:08,086: load() 'Jumble found plugin class: <class 'QuotationsPageSource.QuotationsPageSource'>: {'name': 'TheQuotationsPage.com', 'description': 'Fetches quotes from TheQuotationsPage.com', 'author': 'Peter Levi', 'version': '0.1'}'
INFO: 2024-01-23 22:40:08,087: _walk_modules() 'Jumble loading module in UrbanDictionarySource from /nix/store/jk376gpc7bsxclznwgd3qgnkcbqmg3sk-variety-0.8.10/lib/python3.11/site-packages/variety/plugins/builtin/quotes/UrbanDictionarySource.py'
INFO: 2024-01-23 22:40:08,087: load() 'Jumble found plugin class: <class 'UrbanDictionarySource.UrbanDictionarySource'>: {'name': 'Urban Dictionary', 'description': 'Displays definitions from Urban Dictionary', 'author': 'James Miller', 'version': '0.1'}'
INFO: 2024-01-23 22:40:08,087: _walk_modules() 'Jumble loading module in __init__ from /nix/store/jk376gpc7bsxclznwgd3qgnkcbqmg3sk-variety-0.8.10/lib/python3.11/site-packages/variety/plugins/builtin/quotes/__init__.py'
INFO: 2024-01-23 22:40:08,113: reload_config() 'Creating new downloader for type wallhaven, location abstract'
INFO: 2024-01-23 22:40:08,113: reload_config() 'Creating new downloader for type wallhaven, location minimal'
INFO: 2024-01-23 22:40:08,113: reload_config() 'Creating new downloader for type wallhaven, location space'
INFO: 2024-01-23 22:40:08,113: reload_config() 'Creating new downloader for type wallhaven, location scifi'
INFO: 2024-01-23 22:40:08,113: reload_config() 'Creating new downloader for type wallhaven, location simple'
INFO: 2024-01-23 22:40:08,114: log_options() 'Loaded options:'
INFO: 2024-01-23 22:40:08,114: log_options() 'change_enabled = True'
INFO: 2024-01-23 22:40:08,114: log_options() 'change_interval = 3600'
INFO: 2024-01-23 22:40:08,114: log_options() 'change_on_start = True'
INFO: 2024-01-23 22:40:08,114: log_options() 'clipboard_enabled = False'
INFO: 2024-01-23 22:40:08,114: log_options() 'clipboard_hosts = ['wallhaven.cc', 'wallpapers.net', 'flickr.com', 'imgur.com', 'deviantart.com', 'interfacelift.com', 'vladstudio.com', 'imageshack.us', 'deviantart.net', 'imageshack.com']'
INFO: 2024-01-23 22:40:08,114: log_options() 'clipboard_use_whitelist = True'
INFO: 2024-01-23 22:40:08,114: log_options() 'clock_date_font = Serif 30'
INFO: 2024-01-23 22:40:08,114: log_options() 'clock_enabled = False'
INFO: 2024-01-23 22:40:08,114: log_options() 'clock_filter = -density 100 -font `fc-match -f '%{file[0]}' '%CLOCK_FONT_NAME'` -pointsize %CLOCK_FONT_SIZE -gravity SouthEast -fill '#00000044' -annotate 0x0+[%HOFFSET+58]+[%VOFFSET+108] '%H:%M' -fill white -annotate 0x0+[%HOFFSET+60]+[%VOFFSET+110] '%H:%M' -font `fc-match -f '%{file[0]}' '%DATE_FONT_NAME'` -pointsize %DATE_FONT_SIZE -fill '#00000044' -annotate 0x0+[%HOFFSET+58]+[%VOFFSET+58] '%A, %B %d' -fill white -annotate 0x0+[%HOFFSET+60]+[%VOFFSET+60] '%A, %B %d''
INFO: 2024-01-23 22:40:08,114: log_options() 'clock_font = Serif 70'
INFO: 2024-01-23 22:40:08,114: log_options() 'configfile = /home/guru/.config/variety/variety.conf'
INFO: 2024-01-23 22:40:08,114: log_options() 'copyto_enabled = False'
INFO: 2024-01-23 22:40:08,114: log_options() 'copyto_folder = Default'
INFO: 2024-01-23 22:40:08,114: log_options() 'desired_color = [160, 160, 160]'
INFO: 2024-01-23 22:40:08,114: log_options() 'desired_color_enabled = False'
INFO: 2024-01-23 22:40:08,114: log_options() 'download_folder = /home/guru/.config/variety/Downloaded'
INFO: 2024-01-23 22:40:08,114: log_options() 'download_preference_ratio = 0.9'
INFO: 2024-01-23 22:40:08,114: log_options() 'favorites_folder = /home/guru/.config/variety/Favorites'
INFO: 2024-01-23 22:40:08,114: log_options() 'favorites_operations = [['Downloaded', 'Copy'], ['Fetched', 'Move'], ['Others', 'Copy']]'
INFO: 2024-01-23 22:40:08,114: log_options() 'fetched_folder = /home/guru/.config/variety/Fetched'
INFO: 2024-01-23 22:40:08,114: log_options() 'filters = [[False, 'Keep original', ''], [False, 'Grayscale', '-type Grayscale'], [False, 'Heavy blur', '-scale 20% -blur 0x10 -resize 500%'], [False, 'Soft blur', '-scale 20% -blur 0x2 -resize 500%'], [False, 'Oil painting', '-paint 8'], [False, 'Pointilism', '-spread 10 -noise 3'], [False, 'Pixellate', '-scale 3% -scale 3333%']]'
INFO: 2024-01-23 22:40:08,114: log_options() 'get_wallpaper_script = /home/guru/.config/variety/scripts/get_wallpaper_arco'
INFO: 2024-01-23 22:40:08,114: log_options() 'icon = Light'
INFO: 2024-01-23 22:40:08,114: log_options() 'internet_enabled = True'
INFO: 2024-01-23 22:40:08,114: log_options() 'lightness_enabled = True'
INFO: 2024-01-23 22:40:08,114: log_options() 'lightness_mode = 0'
INFO: 2024-01-23 22:40:08,114: log_options() 'min_rating = 4'
INFO: 2024-01-23 22:40:08,114: log_options() 'min_rating_enabled = False'
INFO: 2024-01-23 22:40:08,114: log_options() 'min_size = 80'
INFO: 2024-01-23 22:40:08,114: log_options() 'min_size_enabled = True'
INFO: 2024-01-23 22:40:08,114: log_options() 'quota_enabled = True'
INFO: 2024-01-23 22:40:08,114: log_options() 'quota_size = 1000'
INFO: 2024-01-23 22:40:08,114: log_options() 'quotes_authors = '
INFO: 2024-01-23 22:40:08,114: log_options() 'quotes_bg_color = [80, 80, 80]'
INFO: 2024-01-23 22:40:08,114: log_options() 'quotes_bg_opacity = 55'
INFO: 2024-01-23 22:40:08,114: log_options() 'quotes_change_enabled = False'
INFO: 2024-01-23 22:40:08,114: log_options() 'quotes_change_interval = 300'
INFO: 2024-01-23 22:40:08,114: log_options() 'quotes_disabled_sources = ['Urban Dictionary']'
INFO: 2024-01-23 22:40:08,114: log_options() 'quotes_enabled = False'
INFO: 2024-01-23 22:40:08,114: log_options() 'quotes_favorites_file = /home/guru/.config/variety/favorite_quotes.txt'
INFO: 2024-01-23 22:40:08,114: log_options() 'quotes_font = Serif 30'
INFO: 2024-01-23 22:40:08,114: log_options() 'quotes_hpos = 100'
INFO: 2024-01-23 22:40:08,114: log_options() 'quotes_max_length = 250'
INFO: 2024-01-23 22:40:08,114: log_options() 'quotes_tags = '
INFO: 2024-01-23 22:40:08,114: log_options() 'quotes_text_color = [255, 255, 255]'
INFO: 2024-01-23 22:40:08,114: log_options() 'quotes_text_shadow = False'
INFO: 2024-01-23 22:40:08,114: log_options() 'quotes_vpos = 40'
INFO: 2024-01-23 22:40:08,114: log_options() 'quotes_width = 70'
INFO: 2024-01-23 22:40:08,114: log_options() 'safe_mode = False'
INFO: 2024-01-23 22:40:08,114: log_options() 'set_wallpaper_script = /home/guru/.config/variety/scripts/set_wallpaper_arco'
INFO: 2024-01-23 22:40:08,114: log_options() 'slideshow_custom_enabled = False'
INFO: 2024-01-23 22:40:08,114: log_options() 'slideshow_custom_folder = /home/guru/Pictures'
INFO: 2024-01-23 22:40:08,114: log_options() 'slideshow_downloads_enabled = False'
INFO: 2024-01-23 22:40:08,114: log_options() 'slideshow_fade = 0.4'
INFO: 2024-01-23 22:40:08,114: log_options() 'slideshow_favorites_enabled = True'
INFO: 2024-01-23 22:40:08,114: log_options() 'slideshow_mode = Fullscreen'
INFO: 2024-01-23 22:40:08,114: log_options() 'slideshow_monitor = All'
INFO: 2024-01-23 22:40:08,114: log_options() 'slideshow_pan = 0.05'
INFO: 2024-01-23 22:40:08,114: log_options() 'slideshow_seconds = 6.0'
INFO: 2024-01-23 22:40:08,114: log_options() 'slideshow_sort_order = Random'
INFO: 2024-01-23 22:40:08,114: log_options() 'slideshow_sources_enabled = True'
INFO: 2024-01-23 22:40:08,114: log_options() 'slideshow_zoom = 0.2'
INFO: 2024-01-23 22:40:08,114: log_options() 'smart_enabled = False'
INFO: 2024-01-23 22:40:08,114: log_options() 'smart_notice_shown = False'
INFO: 2024-01-23 22:40:08,114: log_options() 'smart_register_shown = False'
INFO: 2024-01-23 22:40:08,114: log_options() 'sources = [[True, 'favorites', 'The Favorites folder'], [False, 'fetched', 'The Fetched folder'], [True, 'folder', '/usr/share/backgrounds'], [False, 'flickr', 'user:www.flickr.com/photos/peter-levi/;user_id:93647178@N00;'], [False, 'apod', "NASA's Astronomy Picture of the Day"], [False, 'bing', 'Bing Photo of the Day'], [False, 'earthview', 'Google Earth View Wallpapers'], [False, 'natgeo', "National Geographic's photo of the day"], [False, 'unsplash', 'High-resolution photos from Unsplash.com'], [True, 'wallhaven', 'abstract'], [True, 'wallhaven', 'minimal'], [True, 'wallhaven', 'space'], [True, 'wallhaven', 'scifi'], [True, 'wallhaven', 'simple']]'
INFO: 2024-01-23 22:40:08,114: log_options() 'stats_enabled = True'
INFO: 2024-01-23 22:40:08,114: log_options() 'stats_notice_shown = False'
INFO: 2024-01-23 22:40:08,114: log_options() 'sync_enabled = True'
INFO: 2024-01-23 22:40:08,114: log_options() 'use_landscape_enabled = True'
INFO: 2024-01-23 22:40:08,114: log_options() 'wallhaven_api_key = '
INFO: 2024-01-23 22:40:08,114: log_options() 'wallpaper_auto_rotate = True'
INFO: 2024-01-23 22:40:08,114: log_options() 'wallpaper_display_mode = os'
INFO: 2024-01-23 22:40:08,114: reload_config() 'No need to clear prepared queue'
INFO: 2024-01-23 22:40:08,114: update_indicator() 'Setting file info to: /home/guru/.config/variety/Downloaded/wallhaven_minimal/wallhaven-dpl3x3.jpg'
INFO: 2024-01-23 22:40:08,115: load_banned() 'Missing or invalid banned URLs list, no URLs will be banned'
INFO: 2024-01-23 22:40:08,115: load_last_change_time() 'Change interval < 6 hours, ignore persisted last_change_time, wait initially the whole interval: 3600'
INFO: 2024-01-23 22:40:08,115: update_indicator() 'Setting file info to: /home/guru/.config/variety/Downloaded/wallhaven_minimal/wallhaven-dpl3x3.jpg'
INFO: 2024-01-23 22:40:08,115: regular_change_thread() 'regular_change thread running'
INFO: 2024-01-23 22:40:08,115: prepare_thread() 'Prepare thread running'
INFO: 2024-01-23 22:40:08,115: prepare_thread() 'Prepared buffer contains 0 images'
INFO: 2024-01-23 22:40:08,115: prepare_thread() 'Preparing some images'
INFO: 2024-01-23 22:40:08,142: update_indicator_icon() 'Creating indicator'
WARNING: 2024-01-23 22:40:08,147: create_menu() 'Variety Slideshow is not installed. This is an optional extension adding pan-and-zoom slideshows to Variety: see https://github.com/peterlevi/variety-slideshow for details'
INFO: 2024-01-23 22:40:08,148: create_indicator() 'indicator backend: AyatanaAppIndicator3'
INFO: 2024-01-23 22:40:08,162: set_from_theme_icon() 'Showing indicator icon variety-indicator from GTK theme'
INFO: 2024-01-23 22:40:08,215: do_set_wp() 'Calling do_set_wp with /home/guru/.config/variety/Downloaded/wallhaven_minimal/wallhaven-dpl3x3.jpg, time: 1706067608.2156763'
INFO: 2024-01-23 22:40:08,216: apply_auto_rotate() 'ImageMagick auto-rotate cmd: convert /home/guru/.config/variety/Downloaded/wallhaven_minimal/wallhaven-dpl3x3.jpg -auto-orient /home/guru/.config/variety/wallpaper/wallpaper-auto-rotated-432c9bce2ee3038b3f852a90fe6237c0.jpg'
INFO: 2024-01-23 22:40:08,987: update_indicator() 'Setting file info to: /home/guru/.config/variety/Downloaded/wallhaven_minimal/wallhaven-dpl3x3.jpg'
INFO: 2024-01-23 22:40:08,987: list_files() 'More than 1 files in the folders, stop listing'
INFO: 2024-01-23 22:40:09,502: reload() 'Reloading preferences dialog'
INFO: 2024-01-23 22:40:13,116: set_wallpaper() 'Calling set_wallpaper with /home/guru/.config/variety/Downloaded/wallhaven_space/wallhaven-42wlkx.jpg'
INFO: 2024-01-23 22:40:13,116: do_set_wp() 'Calling do_set_wp with /home/guru/.config/variety/Downloaded/wallhaven_space/wallhaven-42wlkx.jpg, time: 1706067613.116764'
INFO: 2024-01-23 22:40:13,116: apply_auto_rotate() 'ImageMagick auto-rotate cmd: convert /home/guru/.config/variety/Downloaded/wallhaven_space/wallhaven-42wlkx.jpg -auto-orient /home/guru/.config/variety/wallpaper/wallpaper-auto-rotated-e6e2b79420933a7da0a69884a990ed0a.jpg'
INFO: 2024-01-23 22:40:13,256: update_indicator() 'Setting file info to: /home/guru/.config/variety/Downloaded/wallhaven_space/wallhaven-42wlkx.jpg'
INFO: 2024-01-23 22:40:13,257: list_files() 'More than 1 files in the folders, stop listing'
INFO: 2024-01-23 22:40:15,088: prepare_thread() 'After search prepared buffer contains 28 images'
INFO: 2024-01-23 22:40:15,088: prepare_thread() 'Prepared buffer contains 28 images'
INFO: 2024-01-23 22:40:15,117: trigger_download() 'Triggering download thread to check if download needed and possible'
INFO: 2024-01-23 22:40:15,117: get_throttling() 'Wallhaven.cc: parsing serverside options'
INFO: 2024-01-23 22:40:15,118: get_throttling() 'Could not parse Wallhaven.cc serverside options, using defaults 360, 40'
INFO: 2024-01-23 22:40:15,118: get_throttling() 'Wallhaven.cc: parsing serverside options'
INFO: 2024-01-23 22:40:15,118: get_throttling() 'Could not parse Wallhaven.cc serverside options, using defaults 360, 40'
INFO: 2024-01-23 22:40:15,118: download_one() 'Wallhaven.cc: Downloading an image, config: space'
INFO: 2024-01-23 22:40:15,118: download_one() 'Wallhaven.cc: Queue size: 0'
INFO: 2024-01-23 22:40:15,118: get_throttling() 'Wallhaven.cc: parsing serverside options'
INFO: 2024-01-23 22:40:15,118: get_throttling() 'Could not parse Wallhaven.cc serverside options, using defaults 360, 40'
INFO: 2024-01-23 22:40:15,118: download_one() 'Wallhaven.cc: Filling queue'
INFO: 2024-01-23 22:40:15,118: search() 'Performing wallhaven search: url=https://wallhaven.cc/api/v1/search?q=space&categories=111&purity=100&sorting=favorites&order=desc'
INFO: 2024-01-23 22:40:15,688: fill_queue() '12662 wallpapers in result, using page 23'
INFO: 2024-01-23 22:40:15,688: search() 'Performing wallhaven search: url=https://wallhaven.cc/api/v1/search?q=space&categories=111&purity=100&sorting=favorites&order=desc&page=23'
INFO: 2024-01-23 22:40:16,172: download_one() 'Wallhaven.cc: Queue populated with 12 URLs'
INFO: 2024-01-23 22:40:16,172: download_queue_item() 'Wallpaper URL: https://wallhaven.cc/w/1k6m6g'
INFO: 2024-01-23 22:40:16,172: download_queue_item() 'Image src URL: https://w.wallhaven.cc/full/1k/wallhaven-1k6m6g.jpg'
INFO: 2024-01-23 22:40:16,542: save_locally() 'Origin URL: https://wallhaven.cc/w/1k6m6g'
INFO: 2024-01-23 22:40:16,542: save_locally() 'Image URL: https://w.wallhaven.cc/full/1k/wallhaven-1k6m6g.jpg'
INFO: 2024-01-23 22:40:16,542: save_locally() 'Local path: /home/guru/.config/variety/Downloaded/wallhaven_space/wallhaven-1k6m6g.jpg'
INFO: 2024-01-23 22:40:17,088: trigger_download() 'Triggering download thread to check if download needed and possible'
INFO: 2024-01-23 22:40:17,088: trigger_download() 'Triggering download thread to check if download needed and possible'
ERROR: 2024-01-23 22:40:18,572: write_metadata() 'Could not write metadata directly in file, trying json metadata: /home/guru/.config/variety/Downloaded/wallhaven_space/wallhaven-1k6m6g.jpg.partial'
Traceback (most recent call last):
  File "/nix/store/jk376gpc7bsxclznwgd3qgnkcbqmg3sk-variety-0.8.10/lib/python3.11/site-packages/variety/Util.py", line 464, in write_metadata
    m = VarietyMetadata(filename)
        ^^^^^^^^^^^^^^^^^^^^^^^^^
  File "/nix/store/jk376gpc7bsxclznwgd3qgnkcbqmg3sk-variety-0.8.10/lib/python3.11/site-packages/variety/Util.py", line 173, in __init__
    super(VarietyMetadata, self).__init__(path=path)
TypeError: gobject `variety+Util+VarietyMetadata' doesn't support property `path'
INFO: 2024-01-23 22:40:18,573: save_locally() 'Download complete'
INFO: 2024-01-23 22:40:18,574: update_indicator() 'Setting file info to: /home/guru/.config/variety/Downloaded/wallhaven_space/wallhaven-42wlkx.jpg'
INFO: 2024-01-23 22:40:18,575: list_files() 'More than 1 files in the folders, stop listing'
INFO: 2024-01-23 22:40:18,769: prepare_thread() 'Prepared buffer contains 28 images'
INFO: 2024-01-23 22:40:19,770: get_throttling() 'Wallhaven.cc: parsing serverside options'
INFO: 2024-01-23 22:40:19,770: get_throttling() 'Could not parse Wallhaven.cc serverside options, using defaults 360, 40'
INFO: 2024-01-23 22:40:19,770: get_throttling() 'Wallhaven.cc: parsing serverside options'
INFO: 2024-01-23 22:40:19,770: get_throttling() 'Could not parse Wallhaven.cc serverside options, using defaults 360, 40'
INFO: 2024-01-23 22:40:19,770: download_one() 'Wallhaven.cc: Downloading an image, config: space'
INFO: 2024-01-23 22:40:19,770: download_one() 'Wallhaven.cc: Queue size: 11'
INFO: 2024-01-23 22:40:19,770: download_one() 'Wallhaven.cc: Queue populated with 11 URLs'
INFO: 2024-01-23 22:40:19,770: download_queue_item() 'Wallpaper URL: https://wallhaven.cc/w/lm1l2y'
INFO: 2024-01-23 22:40:19,770: download_queue_item() 'Image src URL: https://w.wallhaven.cc/full/lm/wallhaven-lm1l2y.jpg'
INFO: 2024-01-23 22:40:20,050: save_locally() 'Origin URL: https://wallhaven.cc/w/lm1l2y'
INFO: 2024-01-23 22:40:20,050: save_locally() 'Image URL: https://w.wallhaven.cc/full/lm/wallhaven-lm1l2y.jpg'
INFO: 2024-01-23 22:40:20,050: save_locally() 'Local path: /home/guru/.config/variety/Downloaded/wallhaven_space/wallhaven-lm1l2y.jpg'
ERROR: 2024-01-23 22:40:20,218: write_metadata() 'Could not write metadata directly in file, trying json metadata: /home/guru/.config/variety/Downloaded/wallhaven_space/wallhaven-lm1l2y.jpg.partial'
Traceback (most recent call last):
  File "/nix/store/jk376gpc7bsxclznwgd3qgnkcbqmg3sk-variety-0.8.10/lib/python3.11/site-packages/variety/Util.py", line 464, in write_metadata
    m = VarietyMetadata(filename)
        ^^^^^^^^^^^^^^^^^^^^^^^^^
  File "/nix/store/jk376gpc7bsxclznwgd3qgnkcbqmg3sk-variety-0.8.10/lib/python3.11/site-packages/variety/Util.py", line 173, in __init__
    super(VarietyMetadata, self).__init__(path=path)
TypeError: gobject `variety+Util+VarietyMetadata' doesn't support property `path'
INFO: 2024-01-23 22:40:20,219: save_locally() 'Download complete'
INFO: 2024-01-23 22:40:20,221: update_indicator() 'Setting file info to: /home/guru/.config/variety/Downloaded/wallhaven_space/wallhaven-42wlkx.jpg'
INFO: 2024-01-23 22:40:20,222: list_files() 'More than 1 files in the folders, stop listing'
INFO: 2024-01-23 22:40:20,223: prepare_thread() 'Prepared buffer contains 28 images'
INFO: 2024-01-23 22:40:20,770: trigger_download() 'Triggering download thread to check if download needed and possible'
INFO: 2024-01-23 22:40:21,224: get_throttling() 'Wallhaven.cc: parsing serverside options'
INFO: 2024-01-23 22:40:21,224: get_throttling() 'Could not parse Wallhaven.cc serverside options, using defaults 360, 40'
INFO: 2024-01-23 22:40:21,224: get_throttling() 'Wallhaven.cc: parsing serverside options'
INFO: 2024-01-23 22:40:21,224: get_throttling() 'Could not parse Wallhaven.cc serverside options, using defaults 360, 40'
INFO: 2024-01-23 22:40:21,224: download_one() 'Wallhaven.cc: Downloading an image, config: space'
INFO: 2024-01-23 22:40:21,224: download_one() 'Wallhaven.cc: Queue size: 10'
INFO: 2024-01-23 22:40:21,224: download_one() 'Wallhaven.cc: Queue populated with 10 URLs'
INFO: 2024-01-23 22:40:21,224: download_queue_item() 'Wallpaper URL: https://wallhaven.cc/w/wq58dq'
INFO: 2024-01-23 22:40:21,224: download_queue_item() 'Image src URL: https://w.wallhaven.cc/full/wq/wallhaven-wq58dq.jpg'
INFO: 2024-01-23 22:40:21,392: save_locally() 'Origin URL: https://wallhaven.cc/w/wq58dq'
INFO: 2024-01-23 22:40:21,392: save_locally() 'Image URL: https://w.wallhaven.cc/full/wq/wallhaven-wq58dq.jpg'
INFO: 2024-01-23 22:40:21,392: save_locally() 'Local path: /home/guru/.config/variety/Downloaded/wallhaven_space/wallhaven-wq58dq.jpg'
ERROR: 2024-01-23 22:40:21,853: write_metadata() 'Could not write metadata directly in file, trying json metadata: /home/guru/.config/variety/Downloaded/wallhaven_space/wallhaven-wq58dq.jpg.partial'
Traceback (most recent call last):
  File "/nix/store/jk376gpc7bsxclznwgd3qgnkcbqmg3sk-variety-0.8.10/lib/python3.11/site-packages/variety/Util.py", line 464, in write_metadata
    m = VarietyMetadata(filename)
        ^^^^^^^^^^^^^^^^^^^^^^^^^
  File "/nix/store/jk376gpc7bsxclznwgd3qgnkcbqmg3sk-variety-0.8.10/lib/python3.11/site-packages/variety/Util.py", line 173, in __init__
    super(VarietyMetadata, self).__init__(path=path)
TypeError: gobject `variety+Util+VarietyMetadata' doesn't support property `path'
INFO: 2024-01-23 22:40:21,854: save_locally() 'Download complete'
INFO: 2024-01-23 22:40:21,855: update_indicator() 'Setting file info to: /home/guru/.config/variety/Downloaded/wallhaven_space/wallhaven-42wlkx.jpg'
INFO: 2024-01-23 22:40:21,856: list_files() 'More than 1 files in the folders, stop listing'
INFO: 2024-01-23 22:40:21,856: prepare_thread() 'Prepared buffer contains 28 images'
INFO: 2024-01-23 22:40:22,224: trigger_download() 'Triggering download thread to check if download needed and possible'
INFO: 2024-01-23 22:40:22,858: get_throttling() 'Wallhaven.cc: parsing serverside options'
INFO: 2024-01-23 22:40:22,858: get_throttling() 'Could not parse Wallhaven.cc serverside options, using defaults 360, 40'
INFO: 2024-01-23 22:40:22,858: get_throttling() 'Wallhaven.cc: parsing serverside options'
INFO: 2024-01-23 22:40:22,858: get_throttling() 'Could not parse Wallhaven.cc serverside options, using defaults 360, 40'
INFO: 2024-01-23 22:40:22,858: download_one() 'Wallhaven.cc: Downloading an image, config: space'
INFO: 2024-01-23 22:40:22,858: download_one() 'Wallhaven.cc: Queue size: 9'
INFO: 2024-01-23 22:40:22,858: download_one() 'Wallhaven.cc: Queue populated with 9 URLs'
INFO: 2024-01-23 22:40:22,858: download_queue_item() 'Wallpaper URL: https://wallhaven.cc/w/0qkvql'
INFO: 2024-01-23 22:40:22,858: download_queue_item() 'Image src URL: https://w.wallhaven.cc/full/0q/wallhaven-0qkvql.jpg'
INFO: 2024-01-23 22:40:23,030: save_locally() 'Origin URL: https://wallhaven.cc/w/0qkvql'
INFO: 2024-01-23 22:40:23,031: save_locally() 'Image URL: https://w.wallhaven.cc/full/0q/wallhaven-0qkvql.jpg'
INFO: 2024-01-23 22:40:23,031: save_locally() 'Local path: /home/guru/.config/variety/Downloaded/wallhaven_space/wallhaven-0qkvql.jpg'
ERROR: 2024-01-23 22:40:23,263: write_metadata() 'Could not write metadata directly in file, trying json metadata: /home/guru/.config/variety/Downloaded/wallhaven_space/wallhaven-0qkvql.jpg.partial'
Traceback (most recent call last):
  File "/nix/store/jk376gpc7bsxclznwgd3qgnkcbqmg3sk-variety-0.8.10/lib/python3.11/site-packages/variety/Util.py", line 464, in write_metadata
    m = VarietyMetadata(filename)
        ^^^^^^^^^^^^^^^^^^^^^^^^^
  File "/nix/store/jk376gpc7bsxclznwgd3qgnkcbqmg3sk-variety-0.8.10/lib/python3.11/site-packages/variety/Util.py", line 173, in __init__
    super(VarietyMetadata, self).__init__(path=path)
TypeError: gobject `variety+Util+VarietyMetadata' doesn't support property `path'
INFO: 2024-01-23 22:40:23,264: save_locally() 'Download complete'
INFO: 2024-01-23 22:40:23,265: update_indicator() 'Setting file info to: /home/guru/.config/variety/Downloaded/wallhaven_space/wallhaven-42wlkx.jpg'
INFO: 2024-01-23 22:40:23,266: list_files() 'More than 1 files in the folders, stop listing'
INFO: 2024-01-23 22:40:23,266: prepare_thread() 'Prepared buffer contains 28 images'
INFO: 2024-01-23 22:40:23,857: trigger_download() 'Triggering download thread to check if download needed and possible'
INFO: 2024-01-23 22:40:23,913: set_wallpaper() 'Calling set_wallpaper with /home/guru/.config/variety/Downloaded/wallhaven_minimal/wallhaven-mddmxy.jpg'
INFO: 2024-01-23 22:40:23,913: prepare_thread() 'Prepared buffer contains 28 images'
INFO: 2024-01-23 22:40:23,914: do_set_wp() 'Calling do_set_wp with /home/guru/.config/variety/Downloaded/wallhaven_minimal/wallhaven-mddmxy.jpg, time: 1706067623.9142835'
INFO: 2024-01-23 22:40:23,914: apply_auto_rotate() 'ImageMagick auto-rotate cmd: convert /home/guru/.config/variety/Downloaded/wallhaven_minimal/wallhaven-mddmxy.jpg -auto-orient /home/guru/.config/variety/wallpaper/wallpaper-auto-rotated-18843e2d8265b7fa8f46ea570dc67584.jpg'
INFO: 2024-01-23 22:40:24,267: get_throttling() 'Wallhaven.cc: parsing serverside options'
INFO: 2024-01-23 22:40:24,267: get_throttling() 'Could not parse Wallhaven.cc serverside options, using defaults 360, 40'
INFO: 2024-01-23 22:40:24,267: get_throttling() 'Wallhaven.cc: parsing serverside options'
INFO: 2024-01-23 22:40:24,267: get_throttling() 'Could not parse Wallhaven.cc serverside options, using defaults 360, 40'
INFO: 2024-01-23 22:40:24,267: download_one() 'Wallhaven.cc: Downloading an image, config: minimal'
INFO: 2024-01-23 22:40:24,267: download_one() 'Wallhaven.cc: Queue size: 0'
INFO: 2024-01-23 22:40:24,267: get_throttling() 'Wallhaven.cc: parsing serverside options'
INFO: 2024-01-23 22:40:24,267: get_throttling() 'Could not parse Wallhaven.cc serverside options, using defaults 360, 40'
INFO: 2024-01-23 22:40:24,267: download_one() 'Wallhaven.cc: Filling queue'
INFO: 2024-01-23 22:40:24,267: search() 'Performing wallhaven search: url=https://wallhaven.cc/api/v1/search?q=minimal&categories=111&purity=100&sorting=favorites&order=desc'
INFO: 2024-01-23 22:40:24,382: update_indicator() 'Setting file info to: /home/guru/.config/variety/Downloaded/wallhaven_minimal/wallhaven-mddmxy.jpg'
INFO: 2024-01-23 22:40:24,382: list_files() 'More than 1 files in the folders, stop listing'
INFO: 2024-01-23 22:40:24,826: fill_queue() '21548 wallpapers in result, using page 28'
INFO: 2024-01-23 22:40:24,826: search() 'Performing wallhaven search: url=https://wallhaven.cc/api/v1/search?q=minimal&categories=111&purity=100&sorting=favorites&order=desc&page=28'
INFO: 2024-01-23 22:40:25,237: download_one() 'Wallhaven.cc: Queue populated with 12 URLs'
INFO: 2024-01-23 22:40:25,238: download_queue_item() 'Wallpaper URL: https://wallhaven.cc/w/1p8oyw'
INFO: 2024-01-23 22:40:25,238: download_queue_item() 'Image src URL: https://w.wallhaven.cc/full/1p/wallhaven-1p8oyw.jpg'
INFO: 2024-01-23 22:40:25,267: trigger_download() 'Triggering download thread to check if download needed and possible'
INFO: 2024-01-23 22:40:25,527: save_locally() 'Origin URL: https://wallhaven.cc/w/1p8oyw'
INFO: 2024-01-23 22:40:25,527: save_locally() 'Image URL: https://w.wallhaven.cc/full/1p/wallhaven-1p8oyw.jpg'
INFO: 2024-01-23 22:40:25,527: save_locally() 'Local path: /home/guru/.config/variety/Downloaded/wallhaven_minimal/wallhaven-1p8oyw.jpg'
INFO: 2024-01-23 22:40:25,913: trigger_download() 'Triggering download thread to check if download needed and possible'
ERROR: 2024-01-23 22:40:25,914: write_metadata() 'Could not write metadata directly in file, trying json metadata: /home/guru/.config/variety/Downloaded/wallhaven_minimal/wallhaven-1p8oyw.jpg.partial'
Traceback (most recent call last):
  File "/nix/store/jk376gpc7bsxclznwgd3qgnkcbqmg3sk-variety-0.8.10/lib/python3.11/site-packages/variety/Util.py", line 464, in write_metadata
    m = VarietyMetadata(filename)
        ^^^^^^^^^^^^^^^^^^^^^^^^^
  File "/nix/store/jk376gpc7bsxclznwgd3qgnkcbqmg3sk-variety-0.8.10/lib/python3.11/site-packages/variety/Util.py", line 173, in __init__
    super(VarietyMetadata, self).__init__(path=path)
TypeError: gobject `variety+Util+VarietyMetadata' doesn't support property `path'
INFO: 2024-01-23 22:40:25,914: trigger_download() 'Triggering download thread to check if download needed and possible'
INFO: 2024-01-23 22:40:25,914: save_locally() 'Download complete'
INFO: 2024-01-23 22:40:25,916: update_indicator() 'Setting file info to: /home/guru/.config/variety/Downloaded/wallhaven_minimal/wallhaven-mddmxy.jpg'
INFO: 2024-01-23 22:40:25,916: list_files() 'More than 1 files in the folders, stop listing'
INFO: 2024-01-23 22:40:25,933: purge_downloaded() 'Refreshed download folder size: 829.6965808868408 mb'
INFO: 2024-01-23 22:40:26,172: download_one_from() 'Adding downloaded file /home/guru/.config/variety/Downloaded/wallhaven_minimal/wallhaven-1p8oyw.jpg to unseen_downloads'
INFO: 2024-01-23 22:40:27,174: get_throttling() 'Wallhaven.cc: parsing serverside options'
INFO: 2024-01-23 22:40:27,174: get_throttling() 'Could not parse Wallhaven.cc serverside options, using defaults 360, 40'
INFO: 2024-01-23 22:40:27,174: get_throttling() 'Wallhaven.cc: parsing serverside options'
INFO: 2024-01-23 22:40:27,174: get_throttling() 'Could not parse Wallhaven.cc serverside options, using defaults 360, 40'
INFO: 2024-01-23 22:40:27,174: download_one() 'Wallhaven.cc: Downloading an image, config: space'
INFO: 2024-01-23 22:40:27,174: download_one() 'Wallhaven.cc: Queue size: 8'
INFO: 2024-01-23 22:40:27,174: download_one() 'Wallhaven.cc: Queue populated with 8 URLs'
INFO: 2024-01-23 22:40:27,174: download_queue_item() 'Wallpaper URL: https://wallhaven.cc/w/1kqqrv'
INFO: 2024-01-23 22:40:27,174: download_queue_item() 'Image src URL: https://w.wallhaven.cc/full/1k/wallhaven-1kqqrv.png'
INFO: 2024-01-23 22:40:27,465: save_locally() 'Origin URL: https://wallhaven.cc/w/1kqqrv'
INFO: 2024-01-23 22:40:27,465: save_locally() 'Image URL: https://w.wallhaven.cc/full/1k/wallhaven-1kqqrv.png'
INFO: 2024-01-23 22:40:27,465: save_locally() 'Local path: /home/guru/.config/variety/Downloaded/wallhaven_space/wallhaven-1kqqrv.png'
INFO: 2024-01-23 22:40:28,116: server_options_thread() 'Fetching server options from http://tiny.cc/variety-options-063'
ERROR: 2024-01-23 22:40:28,156: write_metadata() 'Could not write metadata directly in file, trying json metadata: /home/guru/.config/variety/Downloaded/wallhaven_space/wallhaven-1kqqrv.png.partial'
Traceback (most recent call last):
  File "/nix/store/jk376gpc7bsxclznwgd3qgnkcbqmg3sk-variety-0.8.10/lib/python3.11/site-packages/variety/Util.py", line 464, in write_metadata
    m = VarietyMetadata(filename)
        ^^^^^^^^^^^^^^^^^^^^^^^^^
  File "/nix/store/jk376gpc7bsxclznwgd3qgnkcbqmg3sk-variety-0.8.10/lib/python3.11/site-packages/variety/Util.py", line 173, in __init__
    super(VarietyMetadata, self).__init__(path=path)
TypeError: gobject `variety+Util+VarietyMetadata' doesn't support property `path'
INFO: 2024-01-23 22:40:28,157: save_locally() 'Download complete'
INFO: 2024-01-23 22:40:28,159: update_indicator() 'Setting file info to: /home/guru/.config/variety/Downloaded/wallhaven_minimal/wallhaven-mddmxy.jpg'
INFO: 2024-01-23 22:40:28,159: list_files() 'More than 1 files in the folders, stop listing'
INFO: 2024-01-23 22:40:28,160: prepare_thread() 'Prepared buffer contains 28 images'
INFO: 2024-01-23 22:40:28,762: server_options_thread() 'Fetched server options: {'flickr': {'min_fill_queue_interval': 1200, 'min_download_interval': 1200}, 'wallbase': {'min_fill_queue_interval': 1800, 'min_download_interval': 1800}, 'wallhaven': {'min_fill_queue_interval': 1800, 'min_download_interval': 1800}, 'wallpapers.net': {'min_fill_queue_interval': 601, 'min_download_interval': 0}, 'unsplash': {'min_fill_queue_interval': 20000000000, 'min_download_interval': 20000000000}, 'unsplash_v2': {'min_fill_queue_interval': 3600, 'min_download_interval': 1800}, 'status_message': {'0.0.1': '', '*': ''}}'
INFO: 2024-01-23 22:40:29,161: get_throttling() 'Wallhaven.cc: parsing serverside options'
INFO: 2024-01-23 22:40:29,161: get_throttling() 'Wallhaven.cc serverside options: {'min_fill_queue_interval': 1800, 'min_download_interval': 1800}'
INFO: 2024-01-23 22:40:29,161: get_throttling() 'Wallhaven.cc: parsing serverside options'
INFO: 2024-01-23 22:40:29,161: get_throttling() 'Wallhaven.cc serverside options: {'min_fill_queue_interval': 1800, 'min_download_interval': 1800}'
INFO: 2024-01-23 22:40:29,161: download_one() 'Wallhaven.cc: Downloading an image, config: space'
INFO: 2024-01-23 22:40:29,161: download_one() 'Wallhaven.cc: Queue size: 7'
INFO: 2024-01-23 22:40:29,161: download_one() 'Wallhaven.cc: Queue populated with 7 URLs'
INFO: 2024-01-23 22:40:29,161: download_queue_item() 'Wallpaper URL: https://wallhaven.cc/w/new38n'
INFO: 2024-01-23 22:40:29,161: download_queue_item() 'Image src URL: https://w.wallhaven.cc/full/ne/wallhaven-new38n.jpg'
INFO: 2024-01-23 22:40:29,448: save_locally() 'Origin URL: https://wallhaven.cc/w/new38n'
INFO: 2024-01-23 22:40:29,448: save_locally() 'Image URL: https://w.wallhaven.cc/full/ne/wallhaven-new38n.jpg'
INFO: 2024-01-23 22:40:29,448: save_locally() 'Local path: /home/guru/.config/variety/Downloaded/wallhaven_space/wallhaven-new38n.jpg'
ERROR: 2024-01-23 22:40:29,756: write_metadata() 'Could not write metadata directly in file, trying json metadata: /home/guru/.config/variety/Downloaded/wallhaven_space/wallhaven-new38n.jpg.partial'
Traceback (most recent call last):
  File "/nix/store/jk376gpc7bsxclznwgd3qgnkcbqmg3sk-variety-0.8.10/lib/python3.11/site-packages/variety/Util.py", line 464, in write_metadata
    m = VarietyMetadata(filename)
        ^^^^^^^^^^^^^^^^^^^^^^^^^
  File "/nix/store/jk376gpc7bsxclznwgd3qgnkcbqmg3sk-variety-0.8.10/lib/python3.11/site-packages/variety/Util.py", line 173, in __init__
    super(VarietyMetadata, self).__init__(path=path)
TypeError: gobject `variety+Util+VarietyMetadata' doesn't support property `path'
INFO: 2024-01-23 22:40:29,757: save_locally() 'Download complete'
INFO: 2024-01-23 22:40:29,759: update_indicator() 'Setting file info to: /home/guru/.config/variety/Downloaded/wallhaven_minimal/wallhaven-mddmxy.jpg'
INFO: 2024-01-23 22:40:29,760: list_files() 'More than 1 files in the folders, stop listing'
INFO: 2024-01-23 22:40:29,798: prepare_thread() 'Prepared buffer contains 28 images'
INFO: 2024-01-23 22:40:30,161: trigger_download() 'Triggering download thread to check if download needed and possible'
INFO: 2024-01-23 22:40:30,799: get_throttling() 'Wallhaven.cc: parsing serverside options'
INFO: 2024-01-23 22:40:30,799: get_throttling() 'Wallhaven.cc serverside options: {'min_fill_queue_interval': 1800, 'min_download_interval': 1800}'
INFO: 2024-01-23 22:40:30,799: get_throttling() 'Wallhaven.cc: parsing serverside options'
INFO: 2024-01-23 22:40:30,799: get_throttling() 'Wallhaven.cc serverside options: {'min_fill_queue_interval': 1800, 'min_download_interval': 1800}'
INFO: 2024-01-23 22:40:30,799: download_one() 'Wallhaven.cc: Downloading an image, config: space'
INFO: 2024-01-23 22:40:30,799: download_one() 'Wallhaven.cc: Queue size: 6'
INFO: 2024-01-23 22:40:30,799: download_one() 'Wallhaven.cc: Queue populated with 6 URLs'
INFO: 2024-01-23 22:40:30,799: download_queue_item() 'Wallpaper URL: https://wallhaven.cc/w/o3pk7l'
INFO: 2024-01-23 22:40:30,799: download_queue_item() 'Image src URL: https://w.wallhaven.cc/full/o3/wallhaven-o3pk7l.png'
INFO: 2024-01-23 22:40:31,154: save_locally() 'Origin URL: https://wallhaven.cc/w/o3pk7l'
INFO: 2024-01-23 22:40:31,155: save_locally() 'Image URL: https://w.wallhaven.cc/full/o3/wallhaven-o3pk7l.png'
INFO: 2024-01-23 22:40:31,155: save_locally() 'Local path: /home/guru/.config/variety/Downloaded/wallhaven_space/wallhaven-o3pk7l.png'
INFO: 2024-01-23 22:40:31,799: trigger_download() 'Triggering download thread to check if download needed and possible'
ERROR: 2024-01-23 22:40:33,681: write_metadata() 'Could not write metadata directly in file, trying json metadata: /home/guru/.config/variety/Downloaded/wallhaven_space/wallhaven-o3pk7l.png.partial'
Traceback (most recent call last):
  File "/nix/store/jk376gpc7bsxclznwgd3qgnkcbqmg3sk-variety-0.8.10/lib/python3.11/site-packages/variety/Util.py", line 464, in write_metadata
    m = VarietyMetadata(filename)
        ^^^^^^^^^^^^^^^^^^^^^^^^^
  File "/nix/store/jk376gpc7bsxclznwgd3qgnkcbqmg3sk-variety-0.8.10/lib/python3.11/site-packages/variety/Util.py", line 173, in __init__
    super(VarietyMetadata, self).__init__(path=path)
TypeError: gobject `variety+Util+VarietyMetadata' doesn't support property `path'
INFO: 2024-01-23 22:40:33,681: save_locally() 'Download complete'
INFO: 2024-01-23 22:40:33,683: update_indicator() 'Setting file info to: /home/guru/.config/variety/Downloaded/wallhaven_minimal/wallhaven-mddmxy.jpg'
INFO: 2024-01-23 22:40:33,684: list_files() 'More than 1 files in the folders, stop listing'
INFO: 2024-01-23 22:40:33,817: download_one_from() 'Adding downloaded file /home/guru/.config/variety/Downloaded/wallhaven_space/wallhaven-o3pk7l.png to unseen_downloads'
