INFO: 2024-06-09 20:26:45,366: main() 'Using profile folder /home/guru/.config/variety/'
INFO: 2024-06-09 20:26:45,368: perform_upgrade() 'Last run version was 0.8.12 or earlier, current version is 0.8.12'
INFO: 2024-06-09 20:26:45,403: process_command() 'Received command: []'
INFO: 2024-06-09 20:26:45,405: start() 'Using data_path /nix/store/dgyjabijdnzpb4qfgk1kldbpmn6i6ss4-variety-0.8.12/share/variety'
INFO: 2024-06-09 20:26:45,405: load() 'Jumble loading'
INFO: 2024-06-09 20:26:45,405: _walk_modules() 'Jumble loading module in __init__ from /nix/store/dgyjabijdnzpb4qfgk1kldbpmn6i6ss4-variety-0.8.12/lib/python3.11/site-packages/variety/plugins/builtin/__init__.py'
INFO: 2024-06-09 20:26:45,406: _walk_modules() 'Jumble loading module in NationalGeographicDownloader from /nix/store/dgyjabijdnzpb4qfgk1kldbpmn6i6ss4-variety-0.8.12/lib/python3.11/site-packages/variety/plugins/builtin/downloaders/NationalGeographicDownloader.py'
INFO: 2024-06-09 20:26:45,406: load() 'Jumble found plugin class: <class 'NationalGeographicDownloader.NationalGeographicDownloader'>: {'name': 'NationalGeographicDownloader', 'description': "National Geographic's photo of the day", 'author': 'Eric Rösch', 'version': '0.1'}'
INFO: 2024-06-09 20:26:45,406: _walk_modules() 'Jumble loading module in ArtStationDownloader from /nix/store/dgyjabijdnzpb4qfgk1kldbpmn6i6ss4-variety-0.8.12/lib/python3.11/site-packages/variety/plugins/builtin/downloaders/ArtStationDownloader.py'
INFO: 2024-06-09 20:26:45,407: _walk_modules() 'Jumble loading module in APODDownloader from /nix/store/dgyjabijdnzpb4qfgk1kldbpmn6i6ss4-variety-0.8.12/lib/python3.11/site-packages/variety/plugins/builtin/downloaders/APODDownloader.py'
INFO: 2024-06-09 20:26:45,407: load() 'Jumble found plugin class: <class 'APODDownloader.APODDownloader'>: {'name': 'APODDownloader', 'description': 'NASA Astro Pic of the Day', 'author': 'Peter Levi', 'version': '0.1'}'
INFO: 2024-06-09 20:26:45,407: _walk_modules() 'Jumble loading module in MediaRSSDownloader from /nix/store/dgyjabijdnzpb4qfgk1kldbpmn6i6ss4-variety-0.8.12/lib/python3.11/site-packages/variety/plugins/builtin/downloaders/MediaRSSDownloader.py'
INFO: 2024-06-09 20:26:45,408: _walk_modules() 'Jumble loading module in ArtStationSource from /nix/store/dgyjabijdnzpb4qfgk1kldbpmn6i6ss4-variety-0.8.12/lib/python3.11/site-packages/variety/plugins/builtin/downloaders/ArtStationSource.py'
INFO: 2024-06-09 20:26:45,409: load() 'Jumble found plugin class: <class 'ArtStationSource.ArtStationSource'>: {'name': 'ArtStationSource', 'description': 'Configurable source for fetching images from ArtStation', 'author': 'Denis Gordeev', 'version': '0.1'}'
INFO: 2024-06-09 20:26:45,409: _walk_modules() 'Jumble loading module in WallhavenDownloader from /nix/store/dgyjabijdnzpb4qfgk1kldbpmn6i6ss4-variety-0.8.12/lib/python3.11/site-packages/variety/plugins/builtin/downloaders/WallhavenDownloader.py'
INFO: 2024-06-09 20:26:45,409: _walk_modules() 'Jumble loading module in BingDownloader from /nix/store/dgyjabijdnzpb4qfgk1kldbpmn6i6ss4-variety-0.8.12/lib/python3.11/site-packages/variety/plugins/builtin/downloaders/BingDownloader.py'
INFO: 2024-06-09 20:26:45,410: load() 'Jumble found plugin class: <class 'BingDownloader.BingDownloader'>: {'name': 'BingDownloader', 'description': 'Bing Photo of the Day', 'author': 'Peter Levi', 'version': '0.1'}'
INFO: 2024-06-09 20:26:45,410: _walk_modules() 'Jumble loading module in __init__ from /nix/store/dgyjabijdnzpb4qfgk1kldbpmn6i6ss4-variety-0.8.12/lib/python3.11/site-packages/variety/plugins/builtin/downloaders/__init__.py'
INFO: 2024-06-09 20:26:45,410: _walk_modules() 'Jumble loading module in RedditSource from /nix/store/dgyjabijdnzpb4qfgk1kldbpmn6i6ss4-variety-0.8.12/lib/python3.11/site-packages/variety/plugins/builtin/downloaders/RedditSource.py'
INFO: 2024-06-09 20:26:45,411: load() 'Jumble found plugin class: <class 'RedditSource.RedditSource'>: {'name': 'RedditSource', 'description': 'Configurable source for fetching images from Reddit', 'author': 'Peter Levi', 'version': '0.1'}'
INFO: 2024-06-09 20:26:45,411: _walk_modules() 'Jumble loading module in UnsplashDownloader from /nix/store/dgyjabijdnzpb4qfgk1kldbpmn6i6ss4-variety-0.8.12/lib/python3.11/site-packages/variety/plugins/builtin/downloaders/UnsplashDownloader.py'
INFO: 2024-06-09 20:26:45,411: load() 'Jumble found plugin class: <class 'UnsplashDownloader.UnsplashDownloader'>: {'name': 'UnsplashDownloader', 'description': 'High-resolution photos from Unsplash.com', 'author': 'Peter Levi', 'version': '0.1'}'
INFO: 2024-06-09 20:26:45,411: _walk_modules() 'Jumble loading module in WallhavenSource from /nix/store/dgyjabijdnzpb4qfgk1kldbpmn6i6ss4-variety-0.8.12/lib/python3.11/site-packages/variety/plugins/builtin/downloaders/WallhavenSource.py'
INFO: 2024-06-09 20:26:45,412: load() 'Jumble found plugin class: <class 'WallhavenSource.WallhavenSource'>: {'name': 'WallhavenSource', 'description': 'Configurable source for fetching images from Wallhaven.cc', 'author': 'Peter Levi', 'version': '0.1'}'
INFO: 2024-06-09 20:26:45,412: _walk_modules() 'Jumble loading module in EarthviewDownloader from /nix/store/dgyjabijdnzpb4qfgk1kldbpmn6i6ss4-variety-0.8.12/lib/python3.11/site-packages/variety/plugins/builtin/downloaders/EarthviewDownloader.py'
INFO: 2024-06-09 20:26:45,412: load() 'Jumble found plugin class: <class 'EarthviewDownloader.EarthviewDownloader'>: {'name': 'EarthviewDownloader', 'description': 'Google Earth View Wallpapers', 'author': 'Peter Levi', 'version': '0.1'}'
INFO: 2024-06-09 20:26:45,412: _walk_modules() 'Jumble loading module in UnsplashConfigurableSource from /nix/store/dgyjabijdnzpb4qfgk1kldbpmn6i6ss4-variety-0.8.12/lib/python3.11/site-packages/variety/plugins/builtin/downloaders/UnsplashConfigurableSource.py'
INFO: 2024-06-09 20:26:45,413: load() 'Jumble found plugin class: <class 'UnsplashConfigurableSource.UnsplashConfigurableSource'>: {'name': 'UnsplashConfigurableSource', 'description': 'Configurable source for fetching photos from Unsplash.com', 'author': 'Peter Levi', 'version': '0.1'}'
INFO: 2024-06-09 20:26:45,413: _walk_modules() 'Jumble loading module in MediaRSSSource from /nix/store/dgyjabijdnzpb4qfgk1kldbpmn6i6ss4-variety-0.8.12/lib/python3.11/site-packages/variety/plugins/builtin/downloaders/MediaRSSSource.py'
INFO: 2024-06-09 20:26:45,413: load() 'Jumble found plugin class: <class 'MediaRSSSource.MediaRSSSource'>: {'name': 'MediaRSSSource', 'description': 'Configurable source for fetching images from MediaRSS feeds', 'author': 'Peter Levi', 'version': '0.1'}'
INFO: 2024-06-09 20:26:45,413: _walk_modules() 'Jumble loading module in WallhavenLegacyDownloader from /nix/store/dgyjabijdnzpb4qfgk1kldbpmn6i6ss4-variety-0.8.12/lib/python3.11/site-packages/variety/plugins/builtin/downloaders/WallhavenLegacyDownloader.py'
INFO: 2024-06-09 20:26:45,414: _walk_modules() 'Jumble loading module in RedditDownloader from /nix/store/dgyjabijdnzpb4qfgk1kldbpmn6i6ss4-variety-0.8.12/lib/python3.11/site-packages/variety/plugins/builtin/downloaders/RedditDownloader.py'
INFO: 2024-06-09 20:26:45,414: _walk_modules() 'Jumble loading module in LocalFilesSource from /nix/store/dgyjabijdnzpb4qfgk1kldbpmn6i6ss4-variety-0.8.12/lib/python3.11/site-packages/variety/plugins/builtin/quotes/LocalFilesSource.py'
INFO: 2024-06-09 20:26:45,414: load() 'Jumble found plugin class: <class 'LocalFilesSource.LocalFilesSource'>: {'name': 'Local text files', 'description': 'Displays quotes, defined in local text files.\nPut your own txt files in: ~/.config/variety/pluginconfig/quotes/.\nThe file format is:\n\nquote -- author\n.\nsecond quote -- another author\n.\netc...\n\nExample: http://rvelthuis.de/zips/quotes.txt', 'author': 'Peter Levi', 'version': '0.1'}'
INFO: 2024-06-09 20:26:45,414: _walk_modules() 'Jumble loading module in __init__ from /nix/store/dgyjabijdnzpb4qfgk1kldbpmn6i6ss4-variety-0.8.12/lib/python3.11/site-packages/variety/plugins/builtin/quotes/__init__.py'
INFO: 2024-06-09 20:26:45,415: _walk_modules() 'Jumble loading module in UrbanDictionarySource from /nix/store/dgyjabijdnzpb4qfgk1kldbpmn6i6ss4-variety-0.8.12/lib/python3.11/site-packages/variety/plugins/builtin/quotes/UrbanDictionarySource.py'
INFO: 2024-06-09 20:26:45,415: load() 'Jumble found plugin class: <class 'UrbanDictionarySource.UrbanDictionarySource'>: {'name': 'Urban Dictionary', 'description': 'Displays definitions from Urban Dictionary', 'author': 'James Miller', 'version': '0.1'}'
INFO: 2024-06-09 20:26:45,415: _walk_modules() 'Jumble loading module in QuotationsPageSource from /nix/store/dgyjabijdnzpb4qfgk1kldbpmn6i6ss4-variety-0.8.12/lib/python3.11/site-packages/variety/plugins/builtin/quotes/QuotationsPageSource.py'
INFO: 2024-06-09 20:26:45,436: load() 'Jumble found plugin class: <class 'QuotationsPageSource.QuotationsPageSource'>: {'name': 'TheQuotationsPage.com', 'description': 'Fetches quotes from TheQuotationsPage.com', 'author': 'Peter Levi', 'version': '0.1'}'
INFO: 2024-06-09 20:26:45,436: _walk_modules() 'Jumble loading module in FortuneSource from /nix/store/dgyjabijdnzpb4qfgk1kldbpmn6i6ss4-variety-0.8.12/lib/python3.11/site-packages/variety/plugins/builtin/quotes/FortuneSource.py'
INFO: 2024-06-09 20:26:45,437: load() 'Jumble found plugin class: <class 'FortuneSource.FortuneSource'>: {'name': 'UNIX fortune program', 'description': 'Displays quotes using the UNIX fortune program. You may want to install additional fortune packs, e.g. fortunes-bofh-excuses.', 'author': 'Dan Jones', 'version': '0.1'}'
INFO: 2024-06-09 20:26:45,437: _walk_modules() 'Jumble loading module in GoodreadsSource from /nix/store/dgyjabijdnzpb4qfgk1kldbpmn6i6ss4-variety-0.8.12/lib/python3.11/site-packages/variety/plugins/builtin/quotes/GoodreadsSource.py'
INFO: 2024-06-09 20:26:45,437: load() 'Jumble found plugin class: <class 'GoodreadsSource.GoodreadsSource'>: {'name': 'Goodreads', 'description': 'Fetches quotes from Goodreads.com', 'author': 'Peter Levi', 'version': '0.1'}'
INFO: 2024-06-09 20:26:45,438: _walk_modules() 'Jumble loading module in ResizingDisplayModesPlugin from /nix/store/dgyjabijdnzpb4qfgk1kldbpmn6i6ss4-variety-0.8.12/lib/python3.11/site-packages/variety/plugins/builtin/display_modes/ResizingDisplayModesPlugin.py'
INFO: 2024-06-09 20:26:45,438: load() 'Jumble found plugin class: <class 'ResizingDisplayModesPlugin.ResizingDisplayModesPlugin'>: {'name': 'ResizingDisplayModesPlugin', 'description': 'Display modes that use image resizing within Variety', 'version': '1.0', 'author': 'Peter Levi'}'
INFO: 2024-06-09 20:26:45,438: _walk_modules() 'Jumble loading module in LegacyDisplayModesPlugin from /nix/store/dgyjabijdnzpb4qfgk1kldbpmn6i6ss4-variety-0.8.12/lib/python3.11/site-packages/variety/plugins/builtin/display_modes/LegacyDisplayModesPlugin.py'
INFO: 2024-06-09 20:26:45,438: load() 'Jumble found plugin class: <class 'LegacyDisplayModesPlugin.LegacyDisplayModesPlugin'>: {'name': 'LegacyDisplayModesPlugin', 'description': 'Legacy display mode for compatibility with past Variety versions', 'version': '1.0', 'author': 'Peter Levi'}'
INFO: 2024-06-09 20:26:45,438: _walk_modules() 'Jumble loading module in GnomeDisplayModesPlugin from /nix/store/dgyjabijdnzpb4qfgk1kldbpmn6i6ss4-variety-0.8.12/lib/python3.11/site-packages/variety/plugins/builtin/display_modes/GnomeDisplayModesPlugin.py'
INFO: 2024-06-09 20:26:45,439: load() 'Jumble found plugin class: <class 'GnomeDisplayModesPlugin.GnomeDisplayModesPlugin'>: {'name': 'GnomeDisplayModesPlugin', 'description': 'Display modes relying on the underlying desktop environment', 'version': '1.0', 'author': 'Peter Levi'}'
INFO: 2024-06-09 20:26:45,439: _walk_modules() 'Jumble loading module in __init__ from /nix/store/dgyjabijdnzpb4qfgk1kldbpmn6i6ss4-variety-0.8.12/lib/python3.11/site-packages/variety/plugins/builtin/display_modes/__init__.py'
ERROR: 2024-06-09 20:26:45,450: get_xdg_pictures_folder() 'Could not get path to Pictures folder. Defaulting to ~/Pictures.'
Traceback (most recent call last):
  File "/nix/store/dgyjabijdnzpb4qfgk1kldbpmn6i6ss4-variety-0.8.12/lib/python3.11/site-packages/variety/Util.py", line 815, in get_xdg_pictures_folder
    raise Exception("Could not get path to Pictures folder. Defaulting to ~/Pictures.")
Exception: Could not get path to Pictures folder. Defaulting to ~/Pictures.
ERROR: 2024-06-09 20:26:45,452: get_xdg_pictures_folder() 'Could not get path to Pictures folder. Defaulting to ~/Pictures.'
Traceback (most recent call last):
  File "/nix/store/dgyjabijdnzpb4qfgk1kldbpmn6i6ss4-variety-0.8.12/lib/python3.11/site-packages/variety/Util.py", line 815, in get_xdg_pictures_folder
    raise Exception("Could not get path to Pictures folder. Defaulting to ~/Pictures.")
Exception: Could not get path to Pictures folder. Defaulting to ~/Pictures.
INFO: 2024-06-09 20:26:45,464: reload_config() 'Creating new downloader for type unsplash-search, location japan street'
INFO: 2024-06-09 20:26:45,464: reload_config() 'Creating new downloader for type wallhaven, location japan street'
INFO: 2024-06-09 20:26:45,466: log_options() 'Loaded options:'
INFO: 2024-06-09 20:26:45,466: log_options() 'change_enabled = True'
INFO: 2024-06-09 20:26:45,466: log_options() 'change_interval = 3600'
INFO: 2024-06-09 20:26:45,466: log_options() 'change_on_start = True'
INFO: 2024-06-09 20:26:45,466: log_options() 'clipboard_enabled = False'
INFO: 2024-06-09 20:26:45,466: log_options() 'clipboard_hosts = ['wallhaven.cc', 'wallpapers.net', 'flickr.com', 'imgur.com', 'deviantart.com', 'interfacelift.com', 'vladstudio.com', 'imageshack.us', 'deviantart.net', 'imageshack.com']'
INFO: 2024-06-09 20:26:45,466: log_options() 'clipboard_use_whitelist = True'
INFO: 2024-06-09 20:26:45,466: log_options() 'clock_date_font = Serif 30'
INFO: 2024-06-09 20:26:45,466: log_options() 'clock_enabled = False'
INFO: 2024-06-09 20:26:45,466: log_options() 'clock_filter = -density 100 -font `fc-match -f '%{file[0]}' '%CLOCK_FONT_NAME'` -pointsize %CLOCK_FONT_SIZE -gravity SouthEast -fill '#00000044' -annotate 0x0+[%HOFFSET+58]+[%VOFFSET+108] '%H:%M' -fill white -annotate 0x0+[%HOFFSET+60]+[%VOFFSET+110] '%H:%M' -font `fc-match -f '%{file[0]}' '%DATE_FONT_NAME'` -pointsize %DATE_FONT_SIZE -fill '#00000044' -annotate 0x0+[%HOFFSET+58]+[%VOFFSET+58] '%A, %B %d' -fill white -annotate 0x0+[%HOFFSET+60]+[%VOFFSET+60] '%A, %B %d''
INFO: 2024-06-09 20:26:45,466: log_options() 'clock_font = Serif 70'
INFO: 2024-06-09 20:26:45,466: log_options() 'configfile = /home/guru/.config/variety/variety.conf'
INFO: 2024-06-09 20:26:45,466: log_options() 'copyto_enabled = False'
INFO: 2024-06-09 20:26:45,466: log_options() 'copyto_folder = Default'
INFO: 2024-06-09 20:26:45,466: log_options() 'desired_color = [160, 160, 160]'
INFO: 2024-06-09 20:26:45,466: log_options() 'desired_color_enabled = False'
INFO: 2024-06-09 20:26:45,466: log_options() 'download_folder = /home/guru/.config/variety/Downloaded'
INFO: 2024-06-09 20:26:45,466: log_options() 'download_preference_ratio = 0.9'
INFO: 2024-06-09 20:26:45,466: log_options() 'favorites_folder = /home/guru/.config/variety/Favorites'
INFO: 2024-06-09 20:26:45,466: log_options() 'favorites_operations = [['Downloaded', 'Copy'], ['Fetched', 'Move'], ['Others', 'Copy']]'
INFO: 2024-06-09 20:26:45,466: log_options() 'fetched_folder = /home/guru/.config/variety/Fetched'
INFO: 2024-06-09 20:26:45,466: log_options() 'filters = [[False, 'Keep original', ''], [False, 'Grayscale', '-type Grayscale'], [False, 'Heavy blur', '-scale 20% -blur 0x10 -resize 500%'], [False, 'Soft blur', '-scale 20% -blur 0x2 -resize 500%'], [False, 'Oil painting', '-paint 8'], [False, 'Pointilism', '-spread 10 -noise 3'], [False, 'Pixellate', '-scale 3% -scale 3333%']]'
INFO: 2024-06-09 20:26:45,466: log_options() 'get_wallpaper_script = /home/guru/.config/variety/scripts/get_wallpaper_arco'
INFO: 2024-06-09 20:26:45,466: log_options() 'icon = Light'
INFO: 2024-06-09 20:26:45,466: log_options() 'internet_enabled = True'
INFO: 2024-06-09 20:26:45,466: log_options() 'lightness_enabled = True'
INFO: 2024-06-09 20:26:45,466: log_options() 'lightness_mode = 0'
INFO: 2024-06-09 20:26:45,466: log_options() 'min_rating = 4'
INFO: 2024-06-09 20:26:45,466: log_options() 'min_rating_enabled = False'
INFO: 2024-06-09 20:26:45,466: log_options() 'min_size = 80'
INFO: 2024-06-09 20:26:45,466: log_options() 'min_size_enabled = True'
INFO: 2024-06-09 20:26:45,466: log_options() 'quota_enabled = True'
INFO: 2024-06-09 20:26:45,466: log_options() 'quota_size = 1000'
INFO: 2024-06-09 20:26:45,466: log_options() 'quotes_authors = '
INFO: 2024-06-09 20:26:45,466: log_options() 'quotes_bg_color = [80, 80, 80]'
INFO: 2024-06-09 20:26:45,466: log_options() 'quotes_bg_opacity = 55'
INFO: 2024-06-09 20:26:45,466: log_options() 'quotes_change_enabled = False'
INFO: 2024-06-09 20:26:45,466: log_options() 'quotes_change_interval = 300'
INFO: 2024-06-09 20:26:45,466: log_options() 'quotes_disabled_sources = ['Urban Dictionary']'
INFO: 2024-06-09 20:26:45,466: log_options() 'quotes_enabled = False'
INFO: 2024-06-09 20:26:45,466: log_options() 'quotes_favorites_file = /home/guru/.config/variety/favorite_quotes.txt'
INFO: 2024-06-09 20:26:45,466: log_options() 'quotes_font = Serif 30'
INFO: 2024-06-09 20:26:45,466: log_options() 'quotes_hpos = 100'
INFO: 2024-06-09 20:26:45,466: log_options() 'quotes_max_length = 250'
INFO: 2024-06-09 20:26:45,466: log_options() 'quotes_tags = '
INFO: 2024-06-09 20:26:45,466: log_options() 'quotes_text_color = [255, 255, 255]'
INFO: 2024-06-09 20:26:45,466: log_options() 'quotes_text_shadow = False'
INFO: 2024-06-09 20:26:45,466: log_options() 'quotes_vpos = 40'
INFO: 2024-06-09 20:26:45,466: log_options() 'quotes_width = 70'
INFO: 2024-06-09 20:26:45,466: log_options() 'safe_mode = False'
INFO: 2024-06-09 20:26:45,466: log_options() 'set_wallpaper_script = /home/guru/.config/variety/scripts/set_wallpaper_arco'
INFO: 2024-06-09 20:26:45,466: log_options() 'slideshow_custom_enabled = False'
INFO: 2024-06-09 20:26:45,466: log_options() 'slideshow_custom_folder = /home/guru/Pictures'
INFO: 2024-06-09 20:26:45,466: log_options() 'slideshow_downloads_enabled = False'
INFO: 2024-06-09 20:26:45,466: log_options() 'slideshow_fade = 0.4'
INFO: 2024-06-09 20:26:45,466: log_options() 'slideshow_favorites_enabled = True'
INFO: 2024-06-09 20:26:45,466: log_options() 'slideshow_mode = Fullscreen'
INFO: 2024-06-09 20:26:45,466: log_options() 'slideshow_monitor = All'
INFO: 2024-06-09 20:26:45,466: log_options() 'slideshow_pan = 0.05'
INFO: 2024-06-09 20:26:45,466: log_options() 'slideshow_seconds = 6.0'
INFO: 2024-06-09 20:26:45,466: log_options() 'slideshow_sort_order = Random'
INFO: 2024-06-09 20:26:45,466: log_options() 'slideshow_sources_enabled = True'
INFO: 2024-06-09 20:26:45,466: log_options() 'slideshow_zoom = 0.2'
INFO: 2024-06-09 20:26:45,466: log_options() 'smart_enabled = False'
INFO: 2024-06-09 20:26:45,466: log_options() 'smart_notice_shown = False'
INFO: 2024-06-09 20:26:45,466: log_options() 'smart_register_shown = False'
INFO: 2024-06-09 20:26:45,466: log_options() 'sources = [[True, 'favorites', 'The Favorites folder'], [False, 'fetched', 'The Fetched folder'], [False, 'folder', '/usr/share/backgrounds'], [False, 'flickr', 'user:www.flickr.com/photos/peter-levi/;user_id:93647178@N00;'], [False, 'apod', "NASA's Astronomy Picture of the Day"], [False, 'bing', 'Bing Photo of the Day'], [False, 'earthview', 'Google Earth View Wallpapers'], [False, 'natgeo', "National Geographic's photo of the day"], [False, 'unsplash', 'High-resolution photos from Unsplash.com'], [False, 'wallhaven', 'abstract'], [False, 'wallhaven', 'minimal'], [False, 'wallhaven', 'space'], [False, 'wallhaven', 'scifi'], [False, 'wallhaven', 'simple'], [True, 'unsplash-search', 'japan street'], [True, 'wallhaven', 'japan street']]'
INFO: 2024-06-09 20:26:45,466: log_options() 'stats_enabled = True'
INFO: 2024-06-09 20:26:45,466: log_options() 'stats_notice_shown = False'
INFO: 2024-06-09 20:26:45,466: log_options() 'sync_enabled = True'
INFO: 2024-06-09 20:26:45,466: log_options() 'use_landscape_enabled = True'
INFO: 2024-06-09 20:26:45,466: log_options() 'wallhaven_api_key = '
INFO: 2024-06-09 20:26:45,466: log_options() 'wallpaper_auto_rotate = True'
INFO: 2024-06-09 20:26:45,466: log_options() 'wallpaper_display_mode = os'
INFO: 2024-06-09 20:26:45,466: reload_config() 'No need to clear prepared queue'
INFO: 2024-06-09 20:26:45,466: update_indicator() 'Setting file info to: /home/guru/.config/variety/Downloaded/unsplash-search_japan_street/photo-1536173257297-533e34457207.jpg'
INFO: 2024-06-09 20:26:45,467: load_banned() 'Missing or invalid banned URLs list, no URLs will be banned'
INFO: 2024-06-09 20:26:45,467: load_last_change_time() 'Change interval < 6 hours, ignore persisted last_change_time, wait initially the whole interval: 3600'
INFO: 2024-06-09 20:26:45,467: update_indicator() 'Setting file info to: /home/guru/.config/variety/Downloaded/unsplash-search_japan_street/photo-1536173257297-533e34457207.jpg'
INFO: 2024-06-09 20:26:45,467: regular_change_thread() 'regular_change thread running'
INFO: 2024-06-09 20:26:45,467: prepare_thread() 'Prepare thread running'
INFO: 2024-06-09 20:26:45,467: prepare_thread() 'Prepared buffer contains 0 images'
INFO: 2024-06-09 20:26:45,467: prepare_thread() 'Preparing some images'
INFO: 2024-06-09 20:26:45,470: update_indicator_icon() 'Creating indicator'
WARNING: 2024-06-09 20:26:45,506: create_menu() 'Variety Slideshow is not installed. This is an optional extension adding pan-and-zoom slideshows to Variety: see https://github.com/peterlevi/variety-slideshow for details'
INFO: 2024-06-09 20:26:45,507: create_indicator() 'indicator backend: AyatanaAppIndicator3'
INFO: 2024-06-09 20:26:45,520: set_from_theme_icon() 'Showing indicator icon variety-indicator from GTK theme'
INFO: 2024-06-09 20:26:45,567: do_set_wp() 'Calling do_set_wp with /home/guru/.config/variety/Downloaded/unsplash-search_japan_street/photo-1536173257297-533e34457207.jpg, time: 1717979205.5678053'
INFO: 2024-06-09 20:26:45,569: apply_auto_rotate() 'ImageMagick auto-rotate cmd: convert /home/guru/.config/variety/Downloaded/unsplash-search_japan_street/photo-1536173257297-533e34457207.jpg -auto-orient /home/guru/.config/variety/wallpaper/wallpaper-auto-rotated-388c67ec9013672a95d2f8c988f28f9f.jpg'
INFO: 2024-06-09 20:26:45,786: update_indicator() 'Setting file info to: /home/guru/.config/variety/Downloaded/unsplash-search_japan_street/photo-1536173257297-533e34457207.jpg'
INFO: 2024-06-09 20:26:45,787: list_files() 'More than 1 files in the folders, stop listing'
INFO: 2024-06-09 20:26:46,844: reload() 'Reloading preferences dialog'
ERROR: 2024-06-09 20:26:46,844: get_xdg_pictures_folder() 'Could not get path to Pictures folder. Defaulting to ~/Pictures.'
Traceback (most recent call last):
  File "/nix/store/dgyjabijdnzpb4qfgk1kldbpmn6i6ss4-variety-0.8.12/lib/python3.11/site-packages/variety/Util.py", line 815, in get_xdg_pictures_folder
    raise Exception("Could not get path to Pictures folder. Defaulting to ~/Pictures.")
Exception: Could not get path to Pictures folder. Defaulting to ~/Pictures.
ERROR: 2024-06-09 20:26:46,845: get_xdg_pictures_folder() 'Could not get path to Pictures folder. Defaulting to ~/Pictures.'
Traceback (most recent call last):
  File "/nix/store/dgyjabijdnzpb4qfgk1kldbpmn6i6ss4-variety-0.8.12/lib/python3.11/site-packages/variety/Util.py", line 815, in get_xdg_pictures_folder
    raise Exception("Could not get path to Pictures folder. Defaulting to ~/Pictures.")
Exception: Could not get path to Pictures folder. Defaulting to ~/Pictures.
ERROR: 2024-06-09 20:26:46,847: get_xdg_pictures_folder() 'Could not get path to Pictures folder. Defaulting to ~/Pictures.'
Traceback (most recent call last):
  File "/nix/store/dgyjabijdnzpb4qfgk1kldbpmn6i6ss4-variety-0.8.12/lib/python3.11/site-packages/variety/Util.py", line 815, in get_xdg_pictures_folder
    raise Exception("Could not get path to Pictures folder. Defaulting to ~/Pictures.")
Exception: Could not get path to Pictures folder. Defaulting to ~/Pictures.
INFO: 2024-06-09 20:26:50,467: set_wallpaper() 'Calling set_wallpaper with /home/guru/.config/variety/Downloaded/wallhaven_japan_street/wallhaven-ym29rk.jpg'
INFO: 2024-06-09 20:26:50,468: do_set_wp() 'Calling do_set_wp with /home/guru/.config/variety/Downloaded/wallhaven_japan_street/wallhaven-ym29rk.jpg, time: 1717979210.4688268'
INFO: 2024-06-09 20:26:50,469: apply_auto_rotate() 'ImageMagick auto-rotate cmd: convert /home/guru/.config/variety/Downloaded/wallhaven_japan_street/wallhaven-ym29rk.jpg -auto-orient /home/guru/.config/variety/wallpaper/wallpaper-auto-rotated-03851666368a4d04c6fd8d8424d07279.jpg'
INFO: 2024-06-09 20:26:50,846: update_indicator() 'Setting file info to: /home/guru/.config/variety/Downloaded/wallhaven_japan_street/wallhaven-ym29rk.jpg'
INFO: 2024-06-09 20:26:50,847: list_files() 'More than 1 files in the folders, stop listing'
INFO: 2024-06-09 20:26:51,295: prepare_thread() 'After search prepared buffer contains 27 images'
INFO: 2024-06-09 20:26:51,295: prepare_thread() 'Prepared buffer contains 27 images'
INFO: 2024-06-09 20:26:52,468: trigger_download() 'Triggering download thread to check if download needed and possible'
INFO: 2024-06-09 20:26:52,469: get_throttling() 'Wallhaven.cc: parsing serverside options'
INFO: 2024-06-09 20:26:52,469: get_throttling() 'Could not parse Wallhaven.cc serverside options, using defaults 360, 40'
INFO: 2024-06-09 20:26:52,469: get_throttling() 'Wallhaven.cc: parsing serverside options'
INFO: 2024-06-09 20:26:52,469: get_throttling() 'Could not parse Wallhaven.cc serverside options, using defaults 360, 40'
INFO: 2024-06-09 20:26:52,470: download_one() 'Wallhaven.cc: Downloading an image, config: japan street'
INFO: 2024-06-09 20:26:52,470: download_one() 'Wallhaven.cc: Queue size: 0'
INFO: 2024-06-09 20:26:52,470: get_throttling() 'Wallhaven.cc: parsing serverside options'
INFO: 2024-06-09 20:26:52,470: get_throttling() 'Could not parse Wallhaven.cc serverside options, using defaults 360, 40'
INFO: 2024-06-09 20:26:52,470: download_one() 'Wallhaven.cc: Filling queue'
INFO: 2024-06-09 20:26:52,470: search() 'Performing wallhaven search: url=https://wallhaven.cc/api/v1/search?q=japan street&categories=111&purity=100&sorting=favorites&order=desc'
INFO: 2024-06-09 20:26:53,266: fill_queue() '274 wallpapers in result, using page 6'
INFO: 2024-06-09 20:26:53,266: search() 'Performing wallhaven search: url=https://wallhaven.cc/api/v1/search?q=japan street&categories=111&purity=100&sorting=favorites&order=desc&page=6'
INFO: 2024-06-09 20:26:53,295: trigger_download() 'Triggering download thread to check if download needed and possible'
INFO: 2024-06-09 20:26:53,295: trigger_download() 'Triggering download thread to check if download needed and possible'
INFO: 2024-06-09 20:26:53,575: download_one() 'Wallhaven.cc: Queue populated with 12 URLs'
INFO: 2024-06-09 20:26:53,576: download_queue_item() 'Wallpaper URL: https://wallhaven.cc/w/wyrr1p'
INFO: 2024-06-09 20:26:53,576: download_queue_item() 'Image src URL: https://w.wallhaven.cc/full/wy/wallhaven-wyrr1p.jpg'
INFO: 2024-06-09 20:26:53,942: save_locally() 'Origin URL: https://wallhaven.cc/w/wyrr1p'
INFO: 2024-06-09 20:26:53,943: save_locally() 'Image URL: https://w.wallhaven.cc/full/wy/wallhaven-wyrr1p.jpg'
INFO: 2024-06-09 20:26:53,943: save_locally() 'Local path: /home/guru/.config/variety/Downloaded/wallhaven_japan_street/wallhaven-wyrr1p.jpg'
ERROR: 2024-06-09 20:26:54,206: write_metadata() 'Could not write metadata directly in file, trying json metadata: /home/guru/.config/variety/Downloaded/wallhaven_japan_street/wallhaven-wyrr1p.jpg.partial'
Traceback (most recent call last):
  File "/nix/store/dgyjabijdnzpb4qfgk1kldbpmn6i6ss4-variety-0.8.12/lib/python3.11/site-packages/variety/Util.py", line 464, in write_metadata
    m = VarietyMetadata(filename)
        ^^^^^^^^^^^^^^^^^^^^^^^^^
  File "/nix/store/dgyjabijdnzpb4qfgk1kldbpmn6i6ss4-variety-0.8.12/lib/python3.11/site-packages/variety/Util.py", line 173, in __init__
    super(VarietyMetadata, self).__init__(path=path)
TypeError: gobject `variety+Util+VarietyMetadata' doesn't support property `path'
INFO: 2024-06-09 20:26:54,207: save_locally() 'Download complete'
INFO: 2024-06-09 20:26:54,208: update_indicator() 'Setting file info to: /home/guru/.config/variety/Downloaded/wallhaven_japan_street/wallhaven-ym29rk.jpg'
INFO: 2024-06-09 20:26:54,209: list_files() 'More than 1 files in the folders, stop listing'
INFO: 2024-06-09 20:26:54,209: prepare_thread() 'Prepared buffer contains 27 images'
INFO: 2024-06-09 20:26:55,211: get_throttling() 'Wallhaven.cc: parsing serverside options'
INFO: 2024-06-09 20:26:55,211: get_throttling() 'Could not parse Wallhaven.cc serverside options, using defaults 360, 40'
INFO: 2024-06-09 20:26:55,211: get_throttling() 'Wallhaven.cc: parsing serverside options'
INFO: 2024-06-09 20:26:55,211: get_throttling() 'Could not parse Wallhaven.cc serverside options, using defaults 360, 40'
INFO: 2024-06-09 20:26:55,211: download_one() 'Wallhaven.cc: Downloading an image, config: japan street'
INFO: 2024-06-09 20:26:55,211: download_one() 'Wallhaven.cc: Queue size: 11'
INFO: 2024-06-09 20:26:55,211: download_one() 'Wallhaven.cc: Queue populated with 11 URLs'
INFO: 2024-06-09 20:26:55,211: download_queue_item() 'Wallpaper URL: https://wallhaven.cc/w/zm9x8w'
INFO: 2024-06-09 20:26:55,211: download_queue_item() 'Image src URL: https://w.wallhaven.cc/full/zm/wallhaven-zm9x8w.jpg'
INFO: 2024-06-09 20:26:55,484: save_locally() 'Origin URL: https://wallhaven.cc/w/zm9x8w'
INFO: 2024-06-09 20:26:55,484: save_locally() 'Image URL: https://w.wallhaven.cc/full/zm/wallhaven-zm9x8w.jpg'
INFO: 2024-06-09 20:26:55,484: save_locally() 'Local path: /home/guru/.config/variety/Downloaded/wallhaven_japan_street/wallhaven-zm9x8w.jpg'
ERROR: 2024-06-09 20:26:55,681: write_metadata() 'Could not write metadata directly in file, trying json metadata: /home/guru/.config/variety/Downloaded/wallhaven_japan_street/wallhaven-zm9x8w.jpg.partial'
Traceback (most recent call last):
  File "/nix/store/dgyjabijdnzpb4qfgk1kldbpmn6i6ss4-variety-0.8.12/lib/python3.11/site-packages/variety/Util.py", line 464, in write_metadata
    m = VarietyMetadata(filename)
        ^^^^^^^^^^^^^^^^^^^^^^^^^
  File "/nix/store/dgyjabijdnzpb4qfgk1kldbpmn6i6ss4-variety-0.8.12/lib/python3.11/site-packages/variety/Util.py", line 173, in __init__
    super(VarietyMetadata, self).__init__(path=path)
TypeError: gobject `variety+Util+VarietyMetadata' doesn't support property `path'
INFO: 2024-06-09 20:26:55,681: save_locally() 'Download complete'
INFO: 2024-06-09 20:26:55,683: update_indicator() 'Setting file info to: /home/guru/.config/variety/Downloaded/wallhaven_japan_street/wallhaven-ym29rk.jpg'
INFO: 2024-06-09 20:26:55,684: list_files() 'More than 1 files in the folders, stop listing'
INFO: 2024-06-09 20:26:55,685: prepare_thread() 'Prepared buffer contains 27 images'
INFO: 2024-06-09 20:26:56,210: trigger_download() 'Triggering download thread to check if download needed and possible'
INFO: 2024-06-09 20:26:56,686: get_throttling() 'Wallhaven.cc: parsing serverside options'
INFO: 2024-06-09 20:26:56,686: get_throttling() 'Could not parse Wallhaven.cc serverside options, using defaults 360, 40'
INFO: 2024-06-09 20:26:56,686: get_throttling() 'Wallhaven.cc: parsing serverside options'
INFO: 2024-06-09 20:26:56,686: get_throttling() 'Could not parse Wallhaven.cc serverside options, using defaults 360, 40'
INFO: 2024-06-09 20:26:56,686: download_one() 'Wallhaven.cc: Downloading an image, config: japan street'
INFO: 2024-06-09 20:26:56,686: download_one() 'Wallhaven.cc: Queue size: 10'
INFO: 2024-06-09 20:26:56,686: download_one() 'Wallhaven.cc: Queue populated with 10 URLs'
INFO: 2024-06-09 20:26:56,686: download_queue_item() 'Wallpaper URL: https://wallhaven.cc/w/m3md9k'
INFO: 2024-06-09 20:26:56,686: download_queue_item() 'Image src URL: https://w.wallhaven.cc/full/m3/wallhaven-m3md9k.jpg'
INFO: 2024-06-09 20:26:56,833: save_locally() 'Origin URL: https://wallhaven.cc/w/m3md9k'
INFO: 2024-06-09 20:26:56,834: save_locally() 'Image URL: https://w.wallhaven.cc/full/m3/wallhaven-m3md9k.jpg'
INFO: 2024-06-09 20:26:56,834: save_locally() 'Local path: /home/guru/.config/variety/Downloaded/wallhaven_japan_street/wallhaven-m3md9k.jpg'
INFO: 2024-06-09 20:26:57,685: trigger_download() 'Triggering download thread to check if download needed and possible'
INFO: 2024-06-09 20:26:57,691: move_or_copy_file() 'Copied /home/guru/.config/variety/Downloaded/wallhaven_japan_street/wallhaven-ym29rk.jpg to /home/guru/.config/variety/Favorites'
INFO: 2024-06-09 20:26:57,691: update_indicator() 'Setting file info to: /home/guru/.config/variety/Downloaded/wallhaven_japan_street/wallhaven-ym29rk.jpg'
INFO: 2024-06-09 20:26:57,691: list_files() 'More than 1 files in the folders, stop listing'
ERROR: 2024-06-09 20:26:58,254: write_metadata() 'Could not write metadata directly in file, trying json metadata: /home/guru/.config/variety/Downloaded/wallhaven_japan_street/wallhaven-m3md9k.jpg.partial'
Traceback (most recent call last):
  File "/nix/store/dgyjabijdnzpb4qfgk1kldbpmn6i6ss4-variety-0.8.12/lib/python3.11/site-packages/variety/Util.py", line 464, in write_metadata
    m = VarietyMetadata(filename)
        ^^^^^^^^^^^^^^^^^^^^^^^^^
  File "/nix/store/dgyjabijdnzpb4qfgk1kldbpmn6i6ss4-variety-0.8.12/lib/python3.11/site-packages/variety/Util.py", line 173, in __init__
    super(VarietyMetadata, self).__init__(path=path)
TypeError: gobject `variety+Util+VarietyMetadata' doesn't support property `path'
INFO: 2024-06-09 20:26:58,255: save_locally() 'Download complete'
INFO: 2024-06-09 20:26:58,256: update_indicator() 'Setting file info to: /home/guru/.config/variety/Downloaded/wallhaven_japan_street/wallhaven-ym29rk.jpg'
INFO: 2024-06-09 20:26:58,257: list_files() 'More than 1 files in the folders, stop listing'
INFO: 2024-06-09 20:26:58,574: prepare_thread() 'Prepared buffer contains 27 images'
INFO: 2024-06-09 20:26:59,575: get_throttling() 'Wallhaven.cc: parsing serverside options'
INFO: 2024-06-09 20:26:59,576: get_throttling() 'Could not parse Wallhaven.cc serverside options, using defaults 360, 40'
INFO: 2024-06-09 20:26:59,576: get_throttling() 'Wallhaven.cc: parsing serverside options'
INFO: 2024-06-09 20:26:59,576: get_throttling() 'Could not parse Wallhaven.cc serverside options, using defaults 360, 40'
INFO: 2024-06-09 20:26:59,576: download_one() 'Wallhaven.cc: Downloading an image, config: japan street'
INFO: 2024-06-09 20:26:59,576: download_one() 'Wallhaven.cc: Queue size: 9'
INFO: 2024-06-09 20:26:59,576: download_one() 'Wallhaven.cc: Queue populated with 9 URLs'
INFO: 2024-06-09 20:26:59,576: download_queue_item() 'Wallpaper URL: https://wallhaven.cc/w/0q8j8l'
INFO: 2024-06-09 20:26:59,576: download_queue_item() 'Image src URL: https://w.wallhaven.cc/full/0q/wallhaven-0q8j8l.jpg'
INFO: 2024-06-09 20:26:59,749: save_locally() 'Origin URL: https://wallhaven.cc/w/0q8j8l'
INFO: 2024-06-09 20:26:59,749: save_locally() 'Image URL: https://w.wallhaven.cc/full/0q/wallhaven-0q8j8l.jpg'
INFO: 2024-06-09 20:26:59,749: save_locally() 'Local path: /home/guru/.config/variety/Downloaded/wallhaven_japan_street/wallhaven-0q8j8l.jpg'
ERROR: 2024-06-09 20:27:00,317: write_metadata() 'Could not write metadata directly in file, trying json metadata: /home/guru/.config/variety/Downloaded/wallhaven_japan_street/wallhaven-0q8j8l.jpg.partial'
Traceback (most recent call last):
  File "/nix/store/dgyjabijdnzpb4qfgk1kldbpmn6i6ss4-variety-0.8.12/lib/python3.11/site-packages/variety/Util.py", line 464, in write_metadata
    m = VarietyMetadata(filename)
        ^^^^^^^^^^^^^^^^^^^^^^^^^
  File "/nix/store/dgyjabijdnzpb4qfgk1kldbpmn6i6ss4-variety-0.8.12/lib/python3.11/site-packages/variety/Util.py", line 173, in __init__
    super(VarietyMetadata, self).__init__(path=path)
TypeError: gobject `variety+Util+VarietyMetadata' doesn't support property `path'
INFO: 2024-06-09 20:27:00,317: save_locally() 'Download complete'
INFO: 2024-06-09 20:27:00,319: update_indicator() 'Setting file info to: /home/guru/.config/variety/Downloaded/wallhaven_japan_street/wallhaven-ym29rk.jpg'
INFO: 2024-06-09 20:27:00,319: list_files() 'More than 1 files in the folders, stop listing'
INFO: 2024-06-09 20:27:00,320: prepare_thread() 'Prepared buffer contains 27 images'
INFO: 2024-06-09 20:27:00,575: trigger_download() 'Triggering download thread to check if download needed and possible'
INFO: 2024-06-09 20:27:01,321: get_throttling() 'Wallhaven.cc: parsing serverside options'
INFO: 2024-06-09 20:27:01,321: get_throttling() 'Could not parse Wallhaven.cc serverside options, using defaults 360, 40'
INFO: 2024-06-09 20:27:01,321: get_throttling() 'Wallhaven.cc: parsing serverside options'
INFO: 2024-06-09 20:27:01,321: get_throttling() 'Could not parse Wallhaven.cc serverside options, using defaults 360, 40'
INFO: 2024-06-09 20:27:01,321: download_one() 'Wallhaven.cc: Downloading an image, config: japan street'
INFO: 2024-06-09 20:27:01,321: download_one() 'Wallhaven.cc: Queue size: 8'
INFO: 2024-06-09 20:27:01,321: download_one() 'Wallhaven.cc: Queue populated with 8 URLs'
INFO: 2024-06-09 20:27:01,321: download_queue_item() 'Wallpaper URL: https://wallhaven.cc/w/73pzq3'
INFO: 2024-06-09 20:27:01,321: download_queue_item() 'Image src URL: https://w.wallhaven.cc/full/73/wallhaven-73pzq3.jpg'
INFO: 2024-06-09 20:27:01,483: save_locally() 'Origin URL: https://wallhaven.cc/w/73pzq3'
INFO: 2024-06-09 20:27:01,484: save_locally() 'Image URL: https://w.wallhaven.cc/full/73/wallhaven-73pzq3.jpg'
INFO: 2024-06-09 20:27:01,484: save_locally() 'Local path: /home/guru/.config/variety/Downloaded/wallhaven_japan_street/wallhaven-73pzq3.jpg'
ERROR: 2024-06-09 20:27:01,798: write_metadata() 'Could not write metadata directly in file, trying json metadata: /home/guru/.config/variety/Downloaded/wallhaven_japan_street/wallhaven-73pzq3.jpg.partial'
Traceback (most recent call last):
  File "/nix/store/dgyjabijdnzpb4qfgk1kldbpmn6i6ss4-variety-0.8.12/lib/python3.11/site-packages/variety/Util.py", line 464, in write_metadata
    m = VarietyMetadata(filename)
        ^^^^^^^^^^^^^^^^^^^^^^^^^
  File "/nix/store/dgyjabijdnzpb4qfgk1kldbpmn6i6ss4-variety-0.8.12/lib/python3.11/site-packages/variety/Util.py", line 173, in __init__
    super(VarietyMetadata, self).__init__(path=path)
TypeError: gobject `variety+Util+VarietyMetadata' doesn't support property `path'
INFO: 2024-06-09 20:27:01,799: save_locally() 'Download complete'
INFO: 2024-06-09 20:27:01,800: update_indicator() 'Setting file info to: /home/guru/.config/variety/Downloaded/wallhaven_japan_street/wallhaven-ym29rk.jpg'
INFO: 2024-06-09 20:27:01,801: list_files() 'More than 1 files in the folders, stop listing'
INFO: 2024-06-09 20:27:01,802: prepare_thread() 'Prepared buffer contains 27 images'
INFO: 2024-06-09 20:27:02,321: trigger_download() 'Triggering download thread to check if download needed and possible'
INFO: 2024-06-09 20:27:02,802: get_throttling() 'Wallhaven.cc: parsing serverside options'
INFO: 2024-06-09 20:27:02,803: get_throttling() 'Could not parse Wallhaven.cc serverside options, using defaults 360, 40'
INFO: 2024-06-09 20:27:02,803: get_throttling() 'Wallhaven.cc: parsing serverside options'
INFO: 2024-06-09 20:27:02,803: get_throttling() 'Could not parse Wallhaven.cc serverside options, using defaults 360, 40'
INFO: 2024-06-09 20:27:02,803: download_one() 'Wallhaven.cc: Downloading an image, config: japan street'
INFO: 2024-06-09 20:27:02,803: download_one() 'Wallhaven.cc: Queue size: 7'
INFO: 2024-06-09 20:27:02,803: download_one() 'Wallhaven.cc: Queue populated with 7 URLs'
INFO: 2024-06-09 20:27:02,803: download_queue_item() 'Wallpaper URL: https://wallhaven.cc/w/4y18og'
INFO: 2024-06-09 20:27:02,803: download_queue_item() 'Image src URL: https://w.wallhaven.cc/full/4y/wallhaven-4y18og.jpg'
INFO: 2024-06-09 20:27:02,960: save_locally() 'Origin URL: https://wallhaven.cc/w/4y18og'
INFO: 2024-06-09 20:27:02,961: save_locally() 'Image URL: https://w.wallhaven.cc/full/4y/wallhaven-4y18og.jpg'
INFO: 2024-06-09 20:27:02,961: save_locally() 'Local path: /home/guru/.config/variety/Downloaded/wallhaven_japan_street/wallhaven-4y18og.jpg'
INFO: 2024-06-09 20:27:03,802: trigger_download() 'Triggering download thread to check if download needed and possible'
ERROR: 2024-06-09 20:27:04,240: write_metadata() 'Could not write metadata directly in file, trying json metadata: /home/guru/.config/variety/Downloaded/wallhaven_japan_street/wallhaven-4y18og.jpg.partial'
Traceback (most recent call last):
  File "/nix/store/dgyjabijdnzpb4qfgk1kldbpmn6i6ss4-variety-0.8.12/lib/python3.11/site-packages/variety/Util.py", line 464, in write_metadata
    m = VarietyMetadata(filename)
        ^^^^^^^^^^^^^^^^^^^^^^^^^
  File "/nix/store/dgyjabijdnzpb4qfgk1kldbpmn6i6ss4-variety-0.8.12/lib/python3.11/site-packages/variety/Util.py", line 173, in __init__
    super(VarietyMetadata, self).__init__(path=path)
TypeError: gobject `variety+Util+VarietyMetadata' doesn't support property `path'
INFO: 2024-06-09 20:27:04,241: save_locally() 'Download complete'
INFO: 2024-06-09 20:27:04,246: update_indicator() 'Setting file info to: /home/guru/.config/variety/Downloaded/wallhaven_japan_street/wallhaven-ym29rk.jpg'
INFO: 2024-06-09 20:27:04,247: list_files() 'More than 1 files in the folders, stop listing'
INFO: 2024-06-09 20:27:04,248: prepare_thread() 'Prepared buffer contains 27 images'
INFO: 2024-06-09 20:27:05,248: get_throttling() 'Wallhaven.cc: parsing serverside options'
INFO: 2024-06-09 20:27:05,249: get_throttling() 'Could not parse Wallhaven.cc serverside options, using defaults 360, 40'
INFO: 2024-06-09 20:27:05,249: get_throttling() 'Wallhaven.cc: parsing serverside options'
INFO: 2024-06-09 20:27:05,249: get_throttling() 'Could not parse Wallhaven.cc serverside options, using defaults 360, 40'
INFO: 2024-06-09 20:27:05,249: download_one() 'Wallhaven.cc: Downloading an image, config: japan street'
INFO: 2024-06-09 20:27:05,249: download_one() 'Wallhaven.cc: Queue size: 6'
INFO: 2024-06-09 20:27:05,249: download_one() 'Wallhaven.cc: Queue populated with 6 URLs'
INFO: 2024-06-09 20:27:05,249: download_queue_item() 'Wallpaper URL: https://wallhaven.cc/w/4ykddk'
INFO: 2024-06-09 20:27:05,249: download_queue_item() 'Image src URL: https://w.wallhaven.cc/full/4y/wallhaven-4ykddk.png'
INFO: 2024-06-09 20:27:05,468: server_options_thread() 'Fetching server options from http://tiny.cc/variety-options-063'
INFO: 2024-06-09 20:27:05,543: save_locally() 'Origin URL: https://wallhaven.cc/w/4ykddk'
INFO: 2024-06-09 20:27:05,544: save_locally() 'Image URL: https://w.wallhaven.cc/full/4y/wallhaven-4ykddk.png'
INFO: 2024-06-09 20:27:05,544: save_locally() 'Local path: /home/guru/.config/variety/Downloaded/wallhaven_japan_street/wallhaven-4ykddk.png'
ERROR: 2024-06-09 20:27:05,933: write_metadata() 'Could not write metadata directly in file, trying json metadata: /home/guru/.config/variety/Downloaded/wallhaven_japan_street/wallhaven-4ykddk.png.partial'
Traceback (most recent call last):
  File "/nix/store/dgyjabijdnzpb4qfgk1kldbpmn6i6ss4-variety-0.8.12/lib/python3.11/site-packages/variety/Util.py", line 464, in write_metadata
    m = VarietyMetadata(filename)
        ^^^^^^^^^^^^^^^^^^^^^^^^^
  File "/nix/store/dgyjabijdnzpb4qfgk1kldbpmn6i6ss4-variety-0.8.12/lib/python3.11/site-packages/variety/Util.py", line 173, in __init__
    super(VarietyMetadata, self).__init__(path=path)
TypeError: gobject `variety+Util+VarietyMetadata' doesn't support property `path'
INFO: 2024-06-09 20:27:05,934: save_locally() 'Download complete'
INFO: 2024-06-09 20:27:05,936: update_indicator() 'Setting file info to: /home/guru/.config/variety/Downloaded/wallhaven_japan_street/wallhaven-ym29rk.jpg'
INFO: 2024-06-09 20:27:05,937: list_files() 'More than 1 files in the folders, stop listing'
INFO: 2024-06-09 20:27:05,937: prepare_thread() 'Prepared buffer contains 27 images'
INFO: 2024-06-09 20:27:05,949: server_options_thread() 'Fetched server options: {'flickr': {'min_fill_queue_interval': 1200, 'min_download_interval': 1200}, 'wallbase': {'min_fill_queue_interval': 1800, 'min_download_interval': 1800}, 'wallhaven': {'min_fill_queue_interval': 1800, 'min_download_interval': 1800}, 'wallpapers.net': {'min_fill_queue_interval': 601, 'min_download_interval': 0}, 'unsplash': {'min_fill_queue_interval': 20000000000, 'min_download_interval': 20000000000}, 'unsplash_v2': {'min_fill_queue_interval': 3600, 'min_download_interval': 1800}, 'status_message': {'0.0.1': '', '*': ''}}'
INFO: 2024-06-09 20:27:06,248: trigger_download() 'Triggering download thread to check if download needed and possible'
INFO: 2024-06-09 20:27:06,938: get_throttling() 'Wallhaven.cc: parsing serverside options'
INFO: 2024-06-09 20:27:06,938: get_throttling() 'Wallhaven.cc serverside options: {'min_fill_queue_interval': 1800, 'min_download_interval': 1800}'
INFO: 2024-06-09 20:27:06,938: get_throttling() 'Wallhaven.cc: parsing serverside options'
INFO: 2024-06-09 20:27:06,939: get_throttling() 'Wallhaven.cc serverside options: {'min_fill_queue_interval': 1800, 'min_download_interval': 1800}'
INFO: 2024-06-09 20:27:06,939: download_one() 'Wallhaven.cc: Downloading an image, config: japan street'
INFO: 2024-06-09 20:27:06,939: download_one() 'Wallhaven.cc: Queue size: 5'
INFO: 2024-06-09 20:27:06,939: download_one() 'Wallhaven.cc: Queue populated with 5 URLs'
INFO: 2024-06-09 20:27:06,939: download_queue_item() 'Wallpaper URL: https://wallhaven.cc/w/4v75e8'
INFO: 2024-06-09 20:27:06,939: download_queue_item() 'Image src URL: https://w.wallhaven.cc/full/4v/wallhaven-4v75e8.png'
INFO: 2024-06-09 20:27:07,282: save_locally() 'Origin URL: https://wallhaven.cc/w/4v75e8'
INFO: 2024-06-09 20:27:07,282: save_locally() 'Image URL: https://w.wallhaven.cc/full/4v/wallhaven-4v75e8.png'
INFO: 2024-06-09 20:27:07,282: save_locally() 'Local path: /home/guru/.config/variety/Downloaded/wallhaven_japan_street/wallhaven-4v75e8.png'
ERROR: 2024-06-09 20:27:07,716: write_metadata() 'Could not write metadata directly in file, trying json metadata: /home/guru/.config/variety/Downloaded/wallhaven_japan_street/wallhaven-4v75e8.png.partial'
Traceback (most recent call last):
  File "/nix/store/dgyjabijdnzpb4qfgk1kldbpmn6i6ss4-variety-0.8.12/lib/python3.11/site-packages/variety/Util.py", line 464, in write_metadata
    m = VarietyMetadata(filename)
        ^^^^^^^^^^^^^^^^^^^^^^^^^
  File "/nix/store/dgyjabijdnzpb4qfgk1kldbpmn6i6ss4-variety-0.8.12/lib/python3.11/site-packages/variety/Util.py", line 173, in __init__
    super(VarietyMetadata, self).__init__(path=path)
TypeError: gobject `variety+Util+VarietyMetadata' doesn't support property `path'
INFO: 2024-06-09 20:27:07,716: save_locally() 'Download complete'
INFO: 2024-06-09 20:27:07,717: update_indicator() 'Setting file info to: /home/guru/.config/variety/Downloaded/wallhaven_japan_street/wallhaven-ym29rk.jpg'
INFO: 2024-06-09 20:27:07,718: list_files() 'More than 1 files in the folders, stop listing'
INFO: 2024-06-09 20:27:07,718: prepare_thread() 'Prepared buffer contains 27 images'
INFO: 2024-06-09 20:27:07,938: trigger_download() 'Triggering download thread to check if download needed and possible'
INFO: 2024-06-09 20:27:08,719: get_throttling() 'Wallhaven.cc: parsing serverside options'
INFO: 2024-06-09 20:27:08,719: get_throttling() 'Wallhaven.cc serverside options: {'min_fill_queue_interval': 1800, 'min_download_interval': 1800}'
INFO: 2024-06-09 20:27:08,719: get_throttling() 'Wallhaven.cc: parsing serverside options'
INFO: 2024-06-09 20:27:08,719: get_throttling() 'Wallhaven.cc serverside options: {'min_fill_queue_interval': 1800, 'min_download_interval': 1800}'
INFO: 2024-06-09 20:27:08,719: download_one() 'Wallhaven.cc: Downloading an image, config: japan street'
INFO: 2024-06-09 20:27:08,719: download_one() 'Wallhaven.cc: Queue size: 4'
INFO: 2024-06-09 20:27:08,719: download_one() 'Wallhaven.cc: Queue populated with 4 URLs'
INFO: 2024-06-09 20:27:08,719: download_queue_item() 'Wallpaper URL: https://wallhaven.cc/w/dg1r9m'
INFO: 2024-06-09 20:27:08,719: download_queue_item() 'Image src URL: https://w.wallhaven.cc/full/dg/wallhaven-dg1r9m.jpg'
INFO: 2024-06-09 20:27:08,977: save_locally() 'Origin URL: https://wallhaven.cc/w/dg1r9m'
INFO: 2024-06-09 20:27:08,977: save_locally() 'Image URL: https://w.wallhaven.cc/full/dg/wallhaven-dg1r9m.jpg'
INFO: 2024-06-09 20:27:08,977: save_locally() 'Local path: /home/guru/.config/variety/Downloaded/wallhaven_japan_street/wallhaven-dg1r9m.jpg'
ERROR: 2024-06-09 20:27:09,356: write_metadata() 'Could not write metadata directly in file, trying json metadata: /home/guru/.config/variety/Downloaded/wallhaven_japan_street/wallhaven-dg1r9m.jpg.partial'
Traceback (most recent call last):
  File "/nix/store/dgyjabijdnzpb4qfgk1kldbpmn6i6ss4-variety-0.8.12/lib/python3.11/site-packages/variety/Util.py", line 464, in write_metadata
    m = VarietyMetadata(filename)
        ^^^^^^^^^^^^^^^^^^^^^^^^^
  File "/nix/store/dgyjabijdnzpb4qfgk1kldbpmn6i6ss4-variety-0.8.12/lib/python3.11/site-packages/variety/Util.py", line 173, in __init__
    super(VarietyMetadata, self).__init__(path=path)
TypeError: gobject `variety+Util+VarietyMetadata' doesn't support property `path'
INFO: 2024-06-09 20:27:09,357: save_locally() 'Download complete'
INFO: 2024-06-09 20:27:09,359: update_indicator() 'Setting file info to: /home/guru/.config/variety/Downloaded/wallhaven_japan_street/wallhaven-ym29rk.jpg'
INFO: 2024-06-09 20:27:09,360: list_files() 'More than 1 files in the folders, stop listing'
INFO: 2024-06-09 20:27:09,361: prepare_thread() 'Prepared buffer contains 27 images'
INFO: 2024-06-09 20:27:09,719: trigger_download() 'Triggering download thread to check if download needed and possible'
INFO: 2024-06-09 20:27:10,362: get_throttling() 'Wallhaven.cc: parsing serverside options'
INFO: 2024-06-09 20:27:10,362: get_throttling() 'Wallhaven.cc serverside options: {'min_fill_queue_interval': 1800, 'min_download_interval': 1800}'
INFO: 2024-06-09 20:27:10,362: get_throttling() 'Wallhaven.cc: parsing serverside options'
INFO: 2024-06-09 20:27:10,362: get_throttling() 'Wallhaven.cc serverside options: {'min_fill_queue_interval': 1800, 'min_download_interval': 1800}'
INFO: 2024-06-09 20:27:10,362: download_one() 'Wallhaven.cc: Downloading an image, config: japan street'
INFO: 2024-06-09 20:27:10,362: download_one() 'Wallhaven.cc: Queue size: 3'
INFO: 2024-06-09 20:27:10,362: download_one() 'Wallhaven.cc: Queue populated with 3 URLs'
INFO: 2024-06-09 20:27:10,362: download_queue_item() 'Wallpaper URL: https://wallhaven.cc/w/lqz9w2'
INFO: 2024-06-09 20:27:10,363: download_queue_item() 'Image src URL: https://w.wallhaven.cc/full/lq/wallhaven-lqz9w2.jpg'
INFO: 2024-06-09 20:27:10,646: save_locally() 'Origin URL: https://wallhaven.cc/w/lqz9w2'
INFO: 2024-06-09 20:27:10,647: save_locally() 'Image URL: https://w.wallhaven.cc/full/lq/wallhaven-lqz9w2.jpg'
INFO: 2024-06-09 20:27:10,647: save_locally() 'Local path: /home/guru/.config/variety/Downloaded/wallhaven_japan_street/wallhaven-lqz9w2.jpg'
ERROR: 2024-06-09 20:27:10,865: write_metadata() 'Could not write metadata directly in file, trying json metadata: /home/guru/.config/variety/Downloaded/wallhaven_japan_street/wallhaven-lqz9w2.jpg.partial'
Traceback (most recent call last):
  File "/nix/store/dgyjabijdnzpb4qfgk1kldbpmn6i6ss4-variety-0.8.12/lib/python3.11/site-packages/variety/Util.py", line 464, in write_metadata
    m = VarietyMetadata(filename)
        ^^^^^^^^^^^^^^^^^^^^^^^^^
  File "/nix/store/dgyjabijdnzpb4qfgk1kldbpmn6i6ss4-variety-0.8.12/lib/python3.11/site-packages/variety/Util.py", line 173, in __init__
    super(VarietyMetadata, self).__init__(path=path)
TypeError: gobject `variety+Util+VarietyMetadata' doesn't support property `path'
INFO: 2024-06-09 20:27:10,865: save_locally() 'Download complete'
INFO: 2024-06-09 20:27:10,867: update_indicator() 'Setting file info to: /home/guru/.config/variety/Downloaded/wallhaven_japan_street/wallhaven-ym29rk.jpg'
INFO: 2024-06-09 20:27:10,868: list_files() 'More than 1 files in the folders, stop listing'
INFO: 2024-06-09 20:27:10,901: prepare_thread() 'Prepared buffer contains 27 images'
INFO: 2024-06-09 20:27:11,362: trigger_download() 'Triggering download thread to check if download needed and possible'
INFO: 2024-06-09 20:27:11,902: get_throttling() 'Wallhaven.cc: parsing serverside options'
INFO: 2024-06-09 20:27:11,902: get_throttling() 'Wallhaven.cc serverside options: {'min_fill_queue_interval': 1800, 'min_download_interval': 1800}'
INFO: 2024-06-09 20:27:11,902: get_throttling() 'Wallhaven.cc: parsing serverside options'
INFO: 2024-06-09 20:27:11,902: get_throttling() 'Wallhaven.cc serverside options: {'min_fill_queue_interval': 1800, 'min_download_interval': 1800}'
INFO: 2024-06-09 20:27:11,902: download_one() 'Wallhaven.cc: Downloading an image, config: japan street'
INFO: 2024-06-09 20:27:11,902: download_one() 'Wallhaven.cc: Queue size: 2'
INFO: 2024-06-09 20:27:11,902: download_one() 'Wallhaven.cc: Queue populated with 2 URLs'
INFO: 2024-06-09 20:27:11,902: download_queue_item() 'Wallpaper URL: https://wallhaven.cc/w/ex932l'
INFO: 2024-06-09 20:27:11,902: download_queue_item() 'Image src URL: https://w.wallhaven.cc/full/ex/wallhaven-ex932l.jpg'
INFO: 2024-06-09 20:27:12,286: save_locally() 'Origin URL: https://wallhaven.cc/w/ex932l'
INFO: 2024-06-09 20:27:12,286: save_locally() 'Image URL: https://w.wallhaven.cc/full/ex/wallhaven-ex932l.jpg'
INFO: 2024-06-09 20:27:12,286: save_locally() 'Local path: /home/guru/.config/variety/Downloaded/wallhaven_japan_street/wallhaven-ex932l.jpg'
ERROR: 2024-06-09 20:27:12,657: write_metadata() 'Could not write metadata directly in file, trying json metadata: /home/guru/.config/variety/Downloaded/wallhaven_japan_street/wallhaven-ex932l.jpg.partial'
Traceback (most recent call last):
  File "/nix/store/dgyjabijdnzpb4qfgk1kldbpmn6i6ss4-variety-0.8.12/lib/python3.11/site-packages/variety/Util.py", line 464, in write_metadata
    m = VarietyMetadata(filename)
        ^^^^^^^^^^^^^^^^^^^^^^^^^
  File "/nix/store/dgyjabijdnzpb4qfgk1kldbpmn6i6ss4-variety-0.8.12/lib/python3.11/site-packages/variety/Util.py", line 173, in __init__
    super(VarietyMetadata, self).__init__(path=path)
TypeError: gobject `variety+Util+VarietyMetadata' doesn't support property `path'
INFO: 2024-06-09 20:27:12,658: save_locally() 'Download complete'
INFO: 2024-06-09 20:27:12,659: update_indicator() 'Setting file info to: /home/guru/.config/variety/Downloaded/wallhaven_japan_street/wallhaven-ym29rk.jpg'
INFO: 2024-06-09 20:27:12,660: list_files() 'More than 1 files in the folders, stop listing'
INFO: 2024-06-09 20:27:12,661: prepare_thread() 'Prepared buffer contains 27 images'
INFO: 2024-06-09 20:27:12,901: trigger_download() 'Triggering download thread to check if download needed and possible'
INFO: 2024-06-09 20:27:13,662: get_throttling() 'Wallhaven.cc: parsing serverside options'
INFO: 2024-06-09 20:27:13,662: get_throttling() 'Wallhaven.cc serverside options: {'min_fill_queue_interval': 1800, 'min_download_interval': 1800}'
INFO: 2024-06-09 20:27:13,662: get_throttling() 'Wallhaven.cc: parsing serverside options'
INFO: 2024-06-09 20:27:13,662: get_throttling() 'Wallhaven.cc serverside options: {'min_fill_queue_interval': 1800, 'min_download_interval': 1800}'
INFO: 2024-06-09 20:27:13,662: download_one() 'Wallhaven.cc: Downloading an image, config: japan street'
INFO: 2024-06-09 20:27:13,662: download_one() 'Wallhaven.cc: Queue size: 1'
INFO: 2024-06-09 20:27:13,662: download_one() 'Wallhaven.cc: Queue populated with 1 URLs'
INFO: 2024-06-09 20:27:13,662: download_queue_item() 'Wallpaper URL: https://wallhaven.cc/w/nr7v8w'
INFO: 2024-06-09 20:27:13,662: download_queue_item() 'Image src URL: https://w.wallhaven.cc/full/nr/wallhaven-nr7v8w.png'
INFO: 2024-06-09 20:27:14,047: save_locally() 'Origin URL: https://wallhaven.cc/w/nr7v8w'
INFO: 2024-06-09 20:27:14,048: save_locally() 'Image URL: https://w.wallhaven.cc/full/nr/wallhaven-nr7v8w.png'
INFO: 2024-06-09 20:27:14,048: save_locally() 'Local path: /home/guru/.config/variety/Downloaded/wallhaven_japan_street/wallhaven-nr7v8w.png'
INFO: 2024-06-09 20:27:14,661: trigger_download() 'Triggering download thread to check if download needed and possible'
ERROR: 2024-06-09 20:27:15,479: write_metadata() 'Could not write metadata directly in file, trying json metadata: /home/guru/.config/variety/Downloaded/wallhaven_japan_street/wallhaven-nr7v8w.png.partial'
Traceback (most recent call last):
  File "/nix/store/dgyjabijdnzpb4qfgk1kldbpmn6i6ss4-variety-0.8.12/lib/python3.11/site-packages/variety/Util.py", line 464, in write_metadata
    m = VarietyMetadata(filename)
        ^^^^^^^^^^^^^^^^^^^^^^^^^
  File "/nix/store/dgyjabijdnzpb4qfgk1kldbpmn6i6ss4-variety-0.8.12/lib/python3.11/site-packages/variety/Util.py", line 173, in __init__
    super(VarietyMetadata, self).__init__(path=path)
TypeError: gobject `variety+Util+VarietyMetadata' doesn't support property `path'
INFO: 2024-06-09 20:27:15,479: save_locally() 'Download complete'
INFO: 2024-06-09 20:27:15,481: update_indicator() 'Setting file info to: /home/guru/.config/variety/Downloaded/wallhaven_japan_street/wallhaven-ym29rk.jpg'
INFO: 2024-06-09 20:27:15,482: list_files() 'More than 1 files in the folders, stop listing'
INFO: 2024-06-09 20:27:15,601: prepare_thread() 'Prepared buffer contains 27 images'
INFO: 2024-06-09 20:27:16,603: get_throttling() 'Wallhaven.cc: parsing serverside options'
INFO: 2024-06-09 20:27:16,603: get_throttling() 'Wallhaven.cc serverside options: {'min_fill_queue_interval': 1800, 'min_download_interval': 1800}'
INFO: 2024-06-09 20:27:16,603: get_throttling() 'Wallhaven.cc: parsing serverside options'
INFO: 2024-06-09 20:27:16,603: get_throttling() 'Wallhaven.cc serverside options: {'min_fill_queue_interval': 1800, 'min_download_interval': 1800}'
INFO: 2024-06-09 20:27:16,603: download_one() 'Wallhaven.cc: Downloading an image, config: japan street'
INFO: 2024-06-09 20:27:16,603: download_one() 'Wallhaven.cc: Queue size: 0'
INFO: 2024-06-09 20:27:16,603: get_throttling() 'Wallhaven.cc: parsing serverside options'
INFO: 2024-06-09 20:27:16,603: get_throttling() 'Wallhaven.cc serverside options: {'min_fill_queue_interval': 1800, 'min_download_interval': 1800}'
INFO: 2024-06-09 20:27:16,604: download_one() 'Wallhaven.cc: Filling queue'
INFO: 2024-06-09 20:27:16,604: search() 'Performing wallhaven search: url=https://wallhaven.cc/api/v1/search?q=japan street&categories=111&purity=100&sorting=favorites&order=desc'
INFO: 2024-06-09 20:27:17,021: fill_queue() '274 wallpapers in result, using page 6'
INFO: 2024-06-09 20:27:17,021: search() 'Performing wallhaven search: url=https://wallhaven.cc/api/v1/search?q=japan street&categories=111&purity=100&sorting=favorites&order=desc&page=6'
INFO: 2024-06-09 20:27:17,345: download_one() 'Wallhaven.cc: Queue populated with 12 URLs'
INFO: 2024-06-09 20:27:17,345: download_queue_item() 'Wallpaper URL: https://wallhaven.cc/w/lqz9w2'
INFO: 2024-06-09 20:27:17,345: download_queue_item() 'Image src URL: https://w.wallhaven.cc/full/lq/wallhaven-lqz9w2.jpg'
INFO: 2024-06-09 20:27:17,501: save_locally() 'Origin URL: https://wallhaven.cc/w/lqz9w2'
INFO: 2024-06-09 20:27:17,502: save_locally() 'Image URL: https://w.wallhaven.cc/full/lq/wallhaven-lqz9w2.jpg'
INFO: 2024-06-09 20:27:17,502: save_locally() 'Local path: /home/guru/.config/variety/Downloaded/wallhaven_japan_street/wallhaven-lqz9w2.jpg'
INFO: 2024-06-09 20:27:17,502: save_locally() 'File already exists, skip downloading'
INFO: 2024-06-09 20:27:17,602: trigger_download() 'Triggering download thread to check if download needed and possible'
INFO: 2024-06-09 20:30:18,504: get_throttling() 'Wallhaven.cc: parsing serverside options'
INFO: 2024-06-09 20:30:18,504: get_throttling() 'Wallhaven.cc serverside options: {'min_fill_queue_interval': 1800, 'min_download_interval': 1800}'
INFO: 2024-06-09 20:30:18,504: get_throttling() 'Wallhaven.cc: parsing serverside options'
INFO: 2024-06-09 20:30:18,504: get_throttling() 'Wallhaven.cc serverside options: {'min_fill_queue_interval': 1800, 'min_download_interval': 1800}'
INFO: 2024-06-09 20:30:18,504: download_one() 'Wallhaven.cc: Downloading an image, config: japan street'
INFO: 2024-06-09 20:30:18,504: download_one() 'Wallhaven.cc: Queue size: 11'
INFO: 2024-06-09 20:30:18,504: download_one() 'Wallhaven.cc: Queue populated with 11 URLs'
INFO: 2024-06-09 20:30:18,504: download_queue_item() 'Wallpaper URL: https://wallhaven.cc/w/zm9x8w'
INFO: 2024-06-09 20:30:18,504: download_queue_item() 'Image src URL: https://w.wallhaven.cc/full/zm/wallhaven-zm9x8w.jpg'
INFO: 2024-06-09 20:30:18,837: save_locally() 'Origin URL: https://wallhaven.cc/w/zm9x8w'
INFO: 2024-06-09 20:30:18,837: save_locally() 'Image URL: https://w.wallhaven.cc/full/zm/wallhaven-zm9x8w.jpg'
INFO: 2024-06-09 20:30:18,837: save_locally() 'Local path: /home/guru/.config/variety/Downloaded/wallhaven_japan_street/wallhaven-zm9x8w.jpg'
INFO: 2024-06-09 20:30:18,837: save_locally() 'File already exists, skip downloading'
